OpenJDK 64-Bit Server VM warning: Option UseConcMarkSweepGC was deprecated in version 9.0 and will likely be removed in a future release.
CompileCommand: dontinline org/apache/cassandra/db/Columns$Serializer.deserializeLargeSubset(Lorg/apache/cassandra/io/util/DataInputPlus;Lorg/apache/cassandra/db/Columns;I)Lorg/apache/cassandra/db/Columns;
CompileCommand: dontinline org/apache/cassandra/db/Columns$Serializer.serializeLargeSubset(Ljava/util/Collection;ILorg/apache/cassandra/db/Columns;ILorg/apache/cassandra/io/util/DataOutputPlus;)V
CompileCommand: dontinline org/apache/cassandra/db/Columns$Serializer.serializeLargeSubsetSize(Ljava/util/Collection;ILorg/apache/cassandra/db/Columns;I)I
CompileCommand: dontinline org/apache/cassandra/db/commitlog/AbstractCommitLogSegmentManager.advanceAllocatingFrom(Lorg/apache/cassandra/db/commitlog/CommitLogSegment;)V
CompileCommand: dontinline org/apache/cassandra/db/transform/BaseIterator.tryGetMoreContents()Z
CompileCommand: dontinline org/apache/cassandra/db/transform/StoppingTransformation.stop()V
CompileCommand: dontinline org/apache/cassandra/db/transform/StoppingTransformation.stopInPartition()V
CompileCommand: dontinline org/apache/cassandra/io/util/BufferedDataOutputStreamPlus.doFlush(I)V
CompileCommand: dontinline org/apache/cassandra/io/util/BufferedDataOutputStreamPlus.writeSlow(JI)V
CompileCommand: dontinline org/apache/cassandra/io/util/RebufferingInputStream.readPrimitiveSlowly(I)J
CompileCommand: exclude org/apache/cassandra/utils/JVMStabilityInspector.forceHeapSpaceOomMaybe(Ljava/lang/OutOfMemoryError;)V
CompileCommand: inline org/apache/cassandra/db/rows/UnfilteredSerializer.serializeRowBody(Lorg/apache/cassandra/db/rows/Row;ILorg/apache/cassandra/db/rows/SerializationHelper;Lorg/apache/cassandra/io/util/DataOutputPlus;)V
CompileCommand: inline org/apache/cassandra/io/util/Memory.checkBounds(JJ)V
CompileCommand: inline org/apache/cassandra/io/util/SafeMemory.checkBounds(JJ)V
CompileCommand: inline org/apache/cassandra/io/util/TrackedDataInputPlus.checkCanRead(I)V
CompileCommand: inline org/apache/cassandra/net/FrameDecoderWith8bHeader.decode(Ljava/util/Collection;Lorg/apache/cassandra/net/ShareableBytes;I)V
CompileCommand: inline org/apache/cassandra/service/reads/repair/RowIteratorMergeListener.applyToPartition(ILjava/util/function/Consumer;)V
CompileCommand: inline org/apache/cassandra/utils/AsymmetricOrdering.selectBoundary(Lorg/apache/cassandra/utils/AsymmetricOrdering/Op;II)I
CompileCommand: inline org/apache/cassandra/utils/AsymmetricOrdering.strictnessOfLessThan(Lorg/apache/cassandra/utils/AsymmetricOrdering/Op;)I
CompileCommand: inline org/apache/cassandra/utils/BloomFilter.indexes(Lorg/apache/cassandra/utils/IFilter/FilterKey;)[J
CompileCommand: inline org/apache/cassandra/utils/BloomFilter.setIndexes(JJIJ[J)V
CompileCommand: inline org/apache/cassandra/utils/ByteBufferUtil.compare(Ljava/nio/ByteBuffer;[B)I
CompileCommand: inline org/apache/cassandra/utils/ByteBufferUtil.compare([BLjava/nio/ByteBuffer;)I
CompileCommand: inline org/apache/cassandra/utils/ByteBufferUtil.compareUnsigned(Ljava/nio/ByteBuffer;Ljava/nio/ByteBuffer;)I
CompileCommand: inline org/apache/cassandra/utils/FastByteOperations$UnsafeOperations.compareTo(Ljava/lang/Object;JILjava/lang/Object;JI)I
CompileCommand: inline org/apache/cassandra/utils/FastByteOperations$UnsafeOperations.compareTo(Ljava/lang/Object;JILjava/nio/ByteBuffer;)I
CompileCommand: inline org/apache/cassandra/utils/FastByteOperations$UnsafeOperations.compareTo(Ljava/nio/ByteBuffer;Ljava/nio/ByteBuffer;)I
CompileCommand: inline org/apache/cassandra/utils/memory/BufferPool$LocalPool.tryGetInternal(IZ)Ljava/nio/ByteBuffer;
CompileCommand: inline org/apache/cassandra/utils/vint/VIntCoding.encodeUnsignedVInt(JI)[B
CompileCommand: inline org/apache/cassandra/utils/vint/VIntCoding.encodeUnsignedVInt(JI[B)V
CompileCommand: inline org/apache/cassandra/utils/vint/VIntCoding.writeUnsignedVInt(JLjava/io/DataOutput;)V
CompileCommand: inline org/apache/cassandra/utils/vint/VIntCoding.writeUnsignedVInt(JLjava/nio/ByteBuffer;)V
CompileCommand: inline org/apache/cassandra/utils/vint/VIntCoding.writeVInt(JLjava/io/DataOutput;)V
INFO  [main] 2026-03-05 10:15:51,602 YamlConfigurationLoader.java:97 - Configuration location: file:/etc/cassandra/cassandra.yaml
INFO  [main] 2026-03-05 10:15:52,169 Config.java:784 - Node configuration:[allocate_tokens_for_keyspace=null; allocate_tokens_for_local_replication_factor=3; allow_extra_insecure_udfs=false; allow_insecure_udfs=false; audit_logging_options=AuditLogOptions{enabled=false, logger='BinAuditLogger', included_keyspaces='', excluded_keyspaces='system,system_schema,system_virtual_schema', included_categories='', excluded_categories='', included_users='', excluded_users='', audit_logs_dir='/opt/cassandra/logs/audit/', archive_command='', roll_cycle='HOURLY', block=true, max_queue_weight=268435456, max_log_size=17179869184}; authenticator=AllowAllAuthenticator; authorizer=AllowAllAuthorizer; auto_bootstrap=true; auto_optimise_full_repair_streams=false; auto_optimise_inc_repair_streams=false; auto_optimise_preview_repair_streams=false; auto_snapshot=true; autocompaction_on_startup_enabled=true; automatic_sstable_upgrade=false; back_pressure_enabled=false; back_pressure_strategy=null; batch_size_fail_threshold_in_kb=50; batch_size_warn_threshold_in_kb=5; batchlog_endpoint_strategy=random_remote; batchlog_replay_throttle_in_kb=1024; block_for_peers_in_remote_dcs=false; block_for_peers_timeout_in_secs=10; broadcast_address=192.168.97.10; broadcast_rpc_address=192.168.97.10; buffer_pool_use_heap_if_exhausted=false; cache_load_timeout_seconds=30; cas_contention_timeout_in_ms=1000; cdc_enabled=false; cdc_free_space_check_interval_ms=250; cdc_raw_directory=null; cdc_total_space_in_mb=0; check_for_duplicate_rows_during_compaction=true; check_for_duplicate_rows_during_reads=true; client_encryption_options=<REDACTED>; cluster_name=Test Cluster; column_index_cache_size_in_kb=2; column_index_size_in_kb=64; commit_failure_policy=stop; commitlog_compression=null; commitlog_directory=null; commitlog_max_compression_buffers_in_pool=3; commitlog_periodic_queue_size=-1; commitlog_segment_size_in_mb=32; commitlog_sync=periodic; commitlog_sync_batch_window_in_ms=NaN; commitlog_sync_group_window_in_ms=NaN; commitlog_sync_period_in_ms=10000; commitlog_total_space_in_mb=null; compaction_large_partition_warning_threshold_mb=100; compaction_throughput_mb_per_sec=64; concurrent_compactors=null; concurrent_counter_writes=32; concurrent_materialized_view_builders=1; concurrent_materialized_view_writes=32; concurrent_merkle_tree_requests=0; concurrent_reads=32; concurrent_replicates=null; concurrent_validations=0; concurrent_writes=32; consecutive_message_errors_threshold=1; corrupted_tombstone_strategy=disabled; counter_cache_keys_to_save=2147483647; counter_cache_save_period=7200; counter_cache_size_in_mb=null; counter_write_request_timeout_in_ms=5000; credentials_cache_max_entries=1000; credentials_update_interval_in_ms=-1; credentials_validity_in_ms=2000; cross_node_timeout=true; data_file_directories=[Ljava.lang.String;@4ca8dbfa; diagnostic_events_enabled=false; disk_access_mode=auto; disk_failure_policy=stop; disk_optimization_estimate_percentile=0.95; disk_optimization_page_cross_chance=0.1; disk_optimization_strategy=ssd; dynamic_snitch=true; dynamic_snitch_badness_threshold=1.0; dynamic_snitch_reset_interval_in_ms=600000; dynamic_snitch_update_interval_in_ms=100; enable_drop_compact_storage=false; enable_materialized_views=false; enable_sasi_indexes=false; enable_scripted_user_defined_functions=false; enable_transient_replication=false; enable_user_defined_functions=false; enable_user_defined_functions_threads=true; endpoint_snitch=SimpleSnitch; file_cache_enabled=false; file_cache_round_up=null; file_cache_size_in_mb=null; flush_compression=fast; force_new_prepared_statement_behaviour=false; full_query_logging_options=FullQueryLoggerOptions{log_dir='', archive_command='', roll_cycle='HOURLY', block=true, max_queue_weight=268435456, max_log_size=17179869184}; gc_log_threshold_in_ms=200; gc_warn_threshold_in_ms=1000; hinted_handoff_disabled_datacenters=[]; hinted_handoff_enabled=true; hinted_handoff_throttle_in_kb=1024; hints_compression=null; hints_directory=null; hints_flush_period_in_ms=10000; ideal_consistency_level=null; incremental_backups=false; index_summary_capacity_in_mb=null; index_summary_resize_interval_in_minutes=60; initial_range_tombstone_list_allocation_size=1; initial_token=null; inter_dc_stream_throughput_outbound_megabits_per_sec=200; inter_dc_tcp_nodelay=false; internode_application_receive_queue_capacity_in_bytes=4194304; internode_application_receive_queue_reserve_endpoint_capacity_in_bytes=134217728; internode_application_receive_queue_reserve_global_capacity_in_bytes=536870912; internode_application_send_queue_capacity_in_bytes=4194304; internode_application_send_queue_reserve_endpoint_capacity_in_bytes=134217728; internode_application_send_queue_reserve_global_capacity_in_bytes=536870912; internode_authenticator=null; internode_compression=dc; internode_max_message_size_in_bytes=null; internode_socket_receive_buffer_size_in_bytes=0; internode_socket_send_buffer_size_in_bytes=0; internode_streaming_tcp_user_timeout_in_ms=300000; internode_tcp_connect_timeout_in_ms=2000; internode_tcp_user_timeout_in_ms=30000; key_cache_keys_to_save=2147483647; key_cache_migrate_during_compaction=true; key_cache_save_period=14400; key_cache_size_in_mb=null; keyspace_count_warn_threshold=40; listen_address=192.168.97.10; listen_interface=null; listen_interface_prefer_ipv6=false; listen_on_broadcast_address=false; local_system_data_file_directory=null; log_out_of_token_range_requests=true; max_concurrent_automatic_sstable_upgrades=1; max_hint_window_in_ms=10800000; max_hints_delivery_threads=2; max_hints_file_size_in_mb=128; max_mutation_size_in_kb=null; max_streaming_retries=3; max_value_size_in_mb=256; memtable_allocation_type=heap_buffers; memtable_cleanup_threshold=null; memtable_flush_writers=0; memtable_heap_space_in_mb=null; memtable_offheap_space_in_mb=null; min_free_space_per_drive_in_mb=50; native_transport_allow_older_protocols=true; native_transport_flush_in_batches_legacy=false; native_transport_idle_timeout_in_ms=0; native_transport_max_auth_threads=0; native_transport_max_concurrent_connections=-1; native_transport_max_concurrent_connections_per_ip=-1; native_transport_max_concurrent_requests_in_bytes=-1; native_transport_max_concurrent_requests_in_bytes_per_ip=-1; native_transport_max_frame_size_in_mb=256; native_transport_max_negotiable_protocol_version=null; native_transport_max_threads=128; native_transport_port=9042; native_transport_port_ssl=null; native_transport_receive_queue_capacity_in_bytes=1048576; network_authorizer=AllowAllNetworkAuthorizer; networking_cache_size_in_mb=null; num_tokens=1; otc_backlog_expiration_interval_ms=200; otc_coalescing_enough_coalesced_messages=8; otc_coalescing_strategy=DISABLED; otc_coalescing_window_us=200; partitioner=org.apache.cassandra.dht.Murmur3Partitioner; periodic_commitlog_sync_lag_block_in_ms=null; permissions_cache_max_entries=1000; permissions_update_interval_in_ms=-1; permissions_validity_in_ms=2000; phi_convict_threshold=8.0; prepared_statements_cache_size_mb=null; range_request_timeout_in_ms=10000; range_tombstone_list_growth_factor=1.5; read_request_timeout_in_ms=5000; reject_out_of_token_range_requests=true; reject_repair_compaction_threshold=2147483647; repair_command_pool_full_strategy=queue; repair_command_pool_size=0; repair_request_timeout_in_ms=60000; repair_session_max_tree_depth=null; repair_session_space_in_mb=null; repaired_data_tracking_for_partition_reads_enabled=false; repaired_data_tracking_for_range_reads_enabled=false; report_unconfirmed_repaired_data_mismatches=false; request_timeout_in_ms=10000; role_manager=CassandraRoleManager; roles_cache_max_entries=1000; roles_update_interval_in_ms=-1; roles_validity_in_ms=2000; row_cache_class_name=org.apache.cassandra.cache.OHCProvider; row_cache_keys_to_save=2147483647; row_cache_save_period=0; row_cache_size_in_mb=0; rpc_address=0.0.0.0; rpc_interface=null; rpc_interface_prefer_ipv6=false; rpc_keepalive=true; saved_caches_directory=null; seed_provider=org.apache.cassandra.locator.SimpleSeedProvider{seeds=cassandra, cassandra2}; server_encryption_options=<REDACTED>; slow_query_log_timeout_in_ms=500; snapshot_before_compaction=false; snapshot_links_per_second=0; snapshot_on_duplicate_row_detection=false; snapshot_on_repaired_data_mismatch=false; ssl_storage_port=7001; sstable_preemptive_open_interval_in_mb=50; start_native_transport=true; storage_port=7000; stream_entire_sstables=true; stream_throughput_outbound_megabits_per_sec=200; streaming_connections_per_host=1; streaming_keep_alive_period_in_secs=300; table_count_warn_threshold=150; tombstone_failure_threshold=100000; tombstone_warn_threshold=1000; tracetype_query_ttl=86400; tracetype_repair_ttl=604800; transfer_hints_on_decommission=true; transparent_data_encryption_options=org.apache.cassandra.config.TransparentDataEncryptionOptions@7063686f; trickle_fsync=false; trickle_fsync_interval_in_kb=10240; truncate_request_timeout_in_ms=60000; unlogged_batch_across_partitions_warn_threshold=10; use_creation_time_for_hint_ttl=true; use_offheap_merkle_trees=true; user_defined_function_fail_timeout=1500; user_defined_function_warn_timeout=500; user_function_timeout_policy=die; validation_preview_purge_head_start_in_sec=3600; windows_timer_interval=1; write_request_timeout_in_ms=2000]
INFO  [main] 2026-03-05 10:15:52,173 DatabaseDescriptor.java:416 - DiskAccessMode 'auto' determined to be mmap, indexAccessMode is mmap
INFO  [main] 2026-03-05 10:15:52,173 DatabaseDescriptor.java:477 - Global memtable on-heap threshold is enabled at 122MB
INFO  [main] 2026-03-05 10:15:52,173 DatabaseDescriptor.java:481 - Global memtable off-heap threshold is enabled at 122MB
WARN  [main] 2026-03-05 10:15:52,190 DatabaseDescriptor.java:628 - Only 55.107GiB free across all data volumes. Consider adding more capacity to your cluster or removing obsolete snapshots
INFO  [ScheduledTasks:1] 2026-03-05 10:15:52,386 StorageService.java:249 - Overriding RING_DELAY to 100ms
INFO  [main] 2026-03-05 10:15:52,467 JMXServerUtils.java:289 - Configured JMX server at: service:jmx:rmi://0.0.0.0/jndi/rmi://0.0.0.0:7199/jmxrmi
INFO  [main] 2026-03-05 10:15:52,478 CassandraDaemon.java:621 - Hostname: a203d9a026bd:7000:7001
INFO  [main] 2026-03-05 10:15:52,479 CassandraDaemon.java:628 - JVM vendor/version: OpenJDK 64-Bit Server VM/11.0.30
INFO  [main] 2026-03-05 10:15:52,480 CassandraDaemon.java:629 - Heap size: 490.000MiB/490.000MiB
INFO  [main] 2026-03-05 10:15:52,482 CassandraDaemon.java:634 - CodeHeap 'non-nmethods' Non-heap memory: init = 2555904(2496K) used = 1325440(1294K) committed = 2555904(2496K) max = 5836800(5700K)
INFO  [main] 2026-03-05 10:15:52,505 CassandraDaemon.java:634 - Metaspace Non-heap memory: init = 0(0K) used = 27598120(26951K) committed = 28221440(27560K) max = -1(-1K)
INFO  [main] 2026-03-05 10:15:52,505 CassandraDaemon.java:634 - CodeHeap 'profiled nmethods' Non-heap memory: init = 2555904(2496K) used = 6058368(5916K) committed = 6094848(5952K) max = 122908672(120028K)
INFO  [main] 2026-03-05 10:15:52,506 CassandraDaemon.java:634 - Compressed Class Space Non-heap memory: init = 0(0K) used = 3643184(3557K) committed = 3956736(3864K) max = 1073741824(1048576K)
INFO  [main] 2026-03-05 10:15:52,506 CassandraDaemon.java:634 - Par Eden Space Heap memory: init = 83886080(81920K) used = 83886080(81920K) committed = 83886080(81920K) max = 83886080(81920K)
INFO  [main] 2026-03-05 10:15:52,506 CassandraDaemon.java:634 - Par Survivor Space Heap memory: init = 10485760(10240K) used = 8140288(7949K) committed = 10485760(10240K) max = 10485760(10240K)
INFO  [main] 2026-03-05 10:15:52,506 CassandraDaemon.java:634 - CodeHeap 'non-profiled nmethods' Non-heap memory: init = 2555904(2496K) used = 1457024(1422K) committed = 2555904(2496K) max = 122912768(120032K)
INFO  [main] 2026-03-05 10:15:52,506 CassandraDaemon.java:634 - CMS Old Gen Heap memory: init = 419430400(409600K) used = 8015288(7827K) committed = 419430400(409600K) max = 419430400(409600K)
INFO  [main] 2026-03-05 10:15:52,506 CassandraDaemon.java:636 - Classpath: /etc/cassandra:/opt/cassandra/lib/HdrHistogram-2.1.12.jar:/opt/cassandra/lib/ST4-4.0.8.jar:/opt/cassandra/lib/airline-0.8.jar:/opt/cassandra/lib/antlr-runtime-3.5.2.jar:/opt/cassandra/lib/apache-cassandra-4.0.19.jar:/opt/cassandra/lib/asm-7.1.jar:/opt/cassandra/lib/caffeine-2.5.6.jar:/opt/cassandra/lib/cassandra-driver-core-3.11.5-shaded.jar:/opt/cassandra/lib/chronicle-bytes-2.20.111.jar:/opt/cassandra/lib/chronicle-core-2.20.126.jar:/opt/cassandra/lib/chronicle-queue-5.20.123.jar:/opt/cassandra/lib/chronicle-threads-2.20.111.jar:/opt/cassandra/lib/chronicle-wire-2.20.117.jar:/opt/cassandra/lib/commons-cli-1.1.jar:/opt/cassandra/lib/commons-codec-1.9.jar:/opt/cassandra/lib/commons-lang3-3.18.0.jar:/opt/cassandra/lib/commons-math3-3.2.jar:/opt/cassandra/lib/concurrent-trees-2.4.0.jar:/opt/cassandra/lib/ecj-4.6.1.jar:/opt/cassandra/lib/guava-27.0-jre.jar:/opt/cassandra/lib/high-scale-lib-1.0.6.jar:/opt/cassandra/lib/hppc-0.8.1.jar:/opt/cassandra/lib/j2objc-annotations-1.3.jar:/opt/cassandra/lib/jackson-annotations-2.19.2.jar:/opt/cassandra/lib/jackson-core-2.19.2.jar:/opt/cassandra/lib/jackson-databind-2.19.2.jar:/opt/cassandra/lib/jamm-0.3.2.jar:/opt/cassandra/lib/javax.inject-1.jar:/opt/cassandra/lib/jbcrypt-0.4.jar:/opt/cassandra/lib/jcl-over-slf4j-1.7.25.jar:/opt/cassandra/lib/jcommander-1.30.jar:/opt/cassandra/lib/jctools-core-3.1.0.jar:/opt/cassandra/lib/jna-5.6.0.jar:/opt/cassandra/lib/json-simple-1.1.jar:/opt/cassandra/lib/jvm-attach-api-1.5.jar:/opt/cassandra/lib/log4j-over-slf4j-1.7.25.jar:/opt/cassandra/lib/logback-classic-1.2.9.jar:/opt/cassandra/lib/logback-core-1.2.9.jar:/opt/cassandra/lib/lz4-java-1.8.0.jar:/opt/cassandra/lib/metrics-core-3.1.5.jar:/opt/cassandra/lib/metrics-jvm-3.1.5.jar:/opt/cassandra/lib/metrics-logback-3.1.5.jar:/opt/cassandra/lib/mxdump-0.14.jar:/opt/cassandra/lib/netty-all-4.1.58.Final.jar:/opt/cassandra/lib/netty-tcnative-boringssl-static-2.0.36.Final.jar:/opt/cassandra/lib/ohc-core-0.5.1.jar:/opt/cassandra/lib/ohc-core-j8-0.5.1.jar:/opt/cassandra/lib/psjava-0.1.19.jar:/opt/cassandra/lib/reporter-config-base-3.0.3.jar:/opt/cassandra/lib/reporter-config3-3.0.3.jar:/opt/cassandra/lib/sigar-1.6.4.jar:/opt/cassandra/lib/sjk-cli-0.14.jar:/opt/cassandra/lib/sjk-core-0.14.jar:/opt/cassandra/lib/sjk-json-0.14.jar:/opt/cassandra/lib/sjk-stacktrace-0.14.jar:/opt/cassandra/lib/slf4j-api-1.7.25.jar:/opt/cassandra/lib/snakeyaml-1.26.jar:/opt/cassandra/lib/snappy-java-1.1.10.4.jar:/opt/cassandra/lib/snowball-stemmer-1.3.0.581.1.jar:/opt/cassandra/lib/stream-2.5.2.jar:/opt/cassandra/lib/zstd-jni-1.5.7-2.jar:/opt/cassandra/lib/jsr223/*/*.jar:
INFO  [main] 2026-03-05 10:15:52,507 CassandraDaemon.java:638 - JVM Arguments: [-ea, -da:net.openhft..., -XX:+UseThreadPriorities, -XX:+HeapDumpOnOutOfMemoryError, -Xss256k, -XX:+AlwaysPreTouch, -XX:-UseBiasedLocking, -XX:+UseTLAB, -XX:+ResizeTLAB, -XX:+UseNUMA, -XX:+PerfDisableSharedMem, -Djava.net.preferIPv4Stack=true, -XX:+UseConcMarkSweepGC, -XX:+CMSParallelRemarkEnabled, -XX:SurvivorRatio=8, -XX:MaxTenuringThreshold=1, -XX:CMSInitiatingOccupancyFraction=75, -XX:+UseCMSInitiatingOccupancyOnly, -XX:CMSWaitDuration=10000, -XX:+CMSParallelInitialMarkEnabled, -XX:+CMSEdenChunksRecordAlways, -XX:+CMSClassUnloadingEnabled, -Djdk.attach.allowAttachSelf=true, --add-exports=java.base/jdk.internal.misc=ALL-UNNAMED, --add-exports=java.base/jdk.internal.ref=ALL-UNNAMED, --add-exports=java.base/sun.nio.ch=ALL-UNNAMED, --add-exports=java.management.rmi/com.sun.jmx.remote.internal.rmi=ALL-UNNAMED, --add-exports=java.rmi/sun.rmi.registry=ALL-UNNAMED, --add-exports=java.rmi/sun.rmi.server=ALL-UNNAMED, --add-exports=java.sql/java.sql=ALL-UNNAMED, --add-opens=java.base/java.lang.module=ALL-UNNAMED, --add-opens=java.base/jdk.internal.loader=ALL-UNNAMED, --add-opens=java.base/jdk.internal.ref=ALL-UNNAMED, --add-opens=java.base/jdk.internal.reflect=ALL-UNNAMED, --add-opens=java.base/jdk.internal.math=ALL-UNNAMED, --add-opens=java.base/jdk.internal.module=ALL-UNNAMED, --add-opens=java.base/jdk.internal.util.jar=ALL-UNNAMED, --add-opens=jdk.management/com.sun.management.internal=ALL-UNNAMED, -Dio.netty.tryReflectionSetAccessible=true, -Xlog:gc=info,heap*=trace,age*=debug,safepoint=info,promotion*=trace:file=/opt/cassandra/logs/gc.log:time,uptime,pid,tid,level:filecount=10,filesize=10485760, -Xms500M, -Xmx500M, -Xmn100M, -XX:+UseCondCardMark, -XX:CompileCommandFile=/etc/cassandra/hotspot_compiler, -javaagent:/opt/cassandra/lib/jamm-0.3.2.jar, -Dcassandra.jmx.remote.port=7199, -Dcom.sun.management.jmxremote.rmi.port=7199, -Dcom.sun.management.jmxremote.authenticate=true, -Dcom.sun.management.jmxremote.password.file=/etc/cassandra/jmxremote.password, -Djava.library.path=/opt/cassandra/lib/sigar-bin, -javaagent:/mcac/lib/datastax-mcac-agent-0.3.3.jar, -Dcassandra.consistent.rangemovement=false, -Dcassandra.ring_delay_ms=100, -Dcassandra.jmx.remote.authenticate=false, -Dcom.sun.management.jmxremote.authenticate=false, -Dcom.sun.management.jmxremote.ssl=false, -Dcassandra.libjemalloc=/usr/local/lib/libjemalloc.so, -XX:OnOutOfMemoryError=kill -9 %p, -Dlogback.configurationFile=logback.xml, -Dcassandra.logdir=/opt/cassandra/logs, -Dcassandra.storagedir=/opt/cassandra/data, -Dcassandra-foreground=yes]
INFO  [main] 2026-03-05 10:15:52,915 NativeLibrary.java:190 - JNA mlockall successful
INFO  [main] 2026-03-05 10:15:52,966 MonotonicClock.java:202 - Scheduling approximate time conversion task with an interval of 10000 milliseconds
INFO  [main] 2026-03-05 10:15:52,970 MonotonicClock.java:338 - Scheduling approximate time-check task with a precision of 2 milliseconds
INFO  [main] 2026-03-05 10:15:53,001 StartupChecks.java:147 - jemalloc seems to be preloaded from /usr/local/lib/libjemalloc.so
INFO  [main] 2026-03-05 10:15:53,002 StartupChecks.java:194 - JMX is enabled to receive remote connections on port: 7199
INFO  [main] 2026-03-05 10:15:53,004 SigarLibrary.java:44 - Initializing SIGAR library
WARN  [main] 2026-03-05 10:15:53,022 SigarLibrary.java:174 - Cassandra server running in degraded mode. Is swap disabled? : false,  Address space adequate? : true,  nofile limit adequate? : true, nproc limit adequate? : true 
WARN  [main] 2026-03-05 10:15:53,024 StartupChecks.java:329 - Maximum number of memory map areas per process (vm.max_map_count) 262144 is too low, recommended value: 1048575, you can change it with sysctl.
INFO  [main] 2026-03-05 10:15:53,553 Keyspace.java:386 - Creating replication strategy system params KeyspaceParams{durable_writes=true, replication=ReplicationParams{class=org.apache.cassandra.locator.LocalStrategy}}
INFO  [main] 2026-03-05 10:15:53,630 ColumnFamilyStore.java:385 - Initializing system.IndexInfo
INFO  [main] 2026-03-05 10:15:54,249 Memtable.java:602 - Estimated Memtable row overhead: 173
INFO  [main] 2026-03-05 10:15:54,345 ColumnFamilyStore.java:385 - Initializing system.batches
INFO  [main] 2026-03-05 10:15:54,357 ColumnFamilyStore.java:385 - Initializing system.paxos
INFO  [main] 2026-03-05 10:15:54,379 ColumnFamilyStore.java:385 - Initializing system.local
INFO  [SSTableBatchOpen:1] 2026-03-05 10:15:54,415 BufferPools.java:49 - Global buffer pool limit is 122.000MiB for chunk-cache and 30.000MiB for networking
INFO  [SSTableBatchOpen:1] 2026-03-05 10:15:54,432 SSTableReaderBuilder.java:351 - Opening /var/lib/cassandra/data/system/local-7ad54392bcdd35a684174e047860b377/nb-18-big (0.351KiB)
INFO  [main] 2026-03-05 10:15:54,460 CacheService.java:103 - Initializing key cache with capacity of 24 MBs.
INFO  [main] 2026-03-05 10:15:54,602 CacheService.java:125 - Initializing row cache with capacity of 0 MBs
INFO  [main] 2026-03-05 10:15:54,604 CacheService.java:154 - Initializing counter cache with capacity of 12 MBs
INFO  [main] 2026-03-05 10:15:54,605 CacheService.java:165 - Scheduling counter cache save to every 7200 seconds (going to save all keys).
INFO  [main] 2026-03-05 10:15:54,650 ColumnFamilyStore.java:385 - Initializing system.peers_v2
INFO  [SSTableBatchOpen:1] 2026-03-05 10:15:54,656 SSTableReaderBuilder.java:351 - Opening /var/lib/cassandra/data/system/peers_v2-c4325fbb8e5e3bafbd070f9250ed818e/nb-2-big (0.359KiB)
INFO  [SSTableBatchOpen:2] 2026-03-05 10:15:54,660 SSTableReaderBuilder.java:351 - Opening /var/lib/cassandra/data/system/peers_v2-c4325fbb8e5e3bafbd070f9250ed818e/nb-1-big (0.365KiB)
INFO  [main] 2026-03-05 10:15:54,681 ColumnFamilyStore.java:385 - Initializing system.peers
INFO  [SSTableBatchOpen:1] 2026-03-05 10:15:54,694 SSTableReaderBuilder.java:351 - Opening /var/lib/cassandra/data/system/peers-37f71aca7dc2383ba70672528af04d4f/nb-2-big (0.337KiB)
INFO  [SSTableBatchOpen:2] 2026-03-05 10:15:54,694 SSTableReaderBuilder.java:351 - Opening /var/lib/cassandra/data/system/peers-37f71aca7dc2383ba70672528af04d4f/nb-1-big (0.345KiB)
INFO  [main] 2026-03-05 10:15:54,704 ColumnFamilyStore.java:385 - Initializing system.peer_events_v2
INFO  [main] 2026-03-05 10:15:54,711 ColumnFamilyStore.java:385 - Initializing system.peer_events
INFO  [main] 2026-03-05 10:15:54,720 ColumnFamilyStore.java:385 - Initializing system.compaction_history
INFO  [SSTableBatchOpen:1] 2026-03-05 10:15:54,726 SSTableReaderBuilder.java:351 - Opening /var/lib/cassandra/data/system/compaction_history-b4dbb7b4dc493fb5b3bfce6e434832ca/nb-1-big (0.266KiB)
INFO  [SSTableBatchOpen:2] 2026-03-05 10:15:54,726 SSTableReaderBuilder.java:351 - Opening /var/lib/cassandra/data/system/compaction_history-b4dbb7b4dc493fb5b3bfce6e434832ca/nb-2-big (0.251KiB)
INFO  [main] 2026-03-05 10:15:54,745 ColumnFamilyStore.java:385 - Initializing system.sstable_activity
INFO  [SSTableBatchOpen:1] 2026-03-05 10:15:54,751 SSTableReaderBuilder.java:351 - Opening /var/lib/cassandra/data/system/sstable_activity-5a1ff267ace03f128563cfae6103c65e/nb-2-big (0.409KiB)
INFO  [SSTableBatchOpen:2] 2026-03-05 10:15:54,751 SSTableReaderBuilder.java:351 - Opening /var/lib/cassandra/data/system/sstable_activity-5a1ff267ace03f128563cfae6103c65e/nb-1-big (0.502KiB)
INFO  [main] 2026-03-05 10:15:54,763 ColumnFamilyStore.java:385 - Initializing system.size_estimates
INFO  [main] 2026-03-05 10:15:54,769 ColumnFamilyStore.java:385 - Initializing system.table_estimates
INFO  [main] 2026-03-05 10:15:54,780 ColumnFamilyStore.java:385 - Initializing system.available_ranges_v2
INFO  [SSTableBatchOpen:1] 2026-03-05 10:15:54,784 SSTableReaderBuilder.java:351 - Opening /var/lib/cassandra/data/system/available_ranges_v2-4224a0882ac93d0c889dfbb5f0facda0/nb-1-big (0.223KiB)
INFO  [main] 2026-03-05 10:15:54,793 ColumnFamilyStore.java:385 - Initializing system.available_ranges
INFO  [main] 2026-03-05 10:15:54,802 ColumnFamilyStore.java:385 - Initializing system.transferred_ranges_v2
INFO  [main] 2026-03-05 10:15:54,806 ColumnFamilyStore.java:385 - Initializing system.transferred_ranges
INFO  [main] 2026-03-05 10:15:54,814 ColumnFamilyStore.java:385 - Initializing system.view_builds_in_progress
INFO  [main] 2026-03-05 10:15:54,827 ColumnFamilyStore.java:385 - Initializing system.built_views
INFO  [main] 2026-03-05 10:15:54,834 ColumnFamilyStore.java:385 - Initializing system.prepared_statements
INFO  [SSTableBatchOpen:2] 2026-03-05 10:15:54,845 SSTableReaderBuilder.java:351 - Opening /var/lib/cassandra/data/system/prepared_statements-18a9c2576a0c3841ba718cd529849fef/nb-1-big (0.600KiB)
INFO  [SSTableBatchOpen:1] 2026-03-05 10:15:54,844 SSTableReaderBuilder.java:351 - Opening /var/lib/cassandra/data/system/prepared_statements-18a9c2576a0c3841ba718cd529849fef/nb-2-big (0.163KiB)
INFO  [main] 2026-03-05 10:15:54,862 ColumnFamilyStore.java:385 - Initializing system.repairs
INFO  [main] 2026-03-05 10:15:54,924 QueryProcessor.java:115 - Initialized prepared statement caches with 10 MB
INFO  [main] 2026-03-05 10:15:55,119 Keyspace.java:386 - Creating replication strategy system_schema params KeyspaceParams{durable_writes=true, replication=ReplicationParams{class=org.apache.cassandra.locator.LocalStrategy}}
INFO  [main] 2026-03-05 10:15:55,130 ColumnFamilyStore.java:385 - Initializing system_schema.keyspaces
INFO  [SSTableBatchOpen:1] 2026-03-05 10:15:55,141 SSTableReaderBuilder.java:351 - Opening /var/lib/cassandra/data/system_schema/keyspaces-abac5682dea631c5b535b3d6cffd0fb6/nb-1-big (0.273KiB)
INFO  [SSTableBatchOpen:2] 2026-03-05 10:15:55,141 SSTableReaderBuilder.java:351 - Opening /var/lib/cassandra/data/system_schema/keyspaces-abac5682dea631c5b535b3d6cffd0fb6/nb-2-big (0.120KiB)
INFO  [main] 2026-03-05 10:15:55,166 ColumnFamilyStore.java:385 - Initializing system_schema.tables
INFO  [SSTableBatchOpen:1] 2026-03-05 10:15:55,178 SSTableReaderBuilder.java:351 - Opening /var/lib/cassandra/data/system_schema/tables-afddfb9dbc1e30688056eed6c302ba09/nb-1-big (3.330KiB)
INFO  [SSTableBatchOpen:2] 2026-03-05 10:15:55,178 SSTableReaderBuilder.java:351 - Opening /var/lib/cassandra/data/system_schema/tables-afddfb9dbc1e30688056eed6c302ba09/nb-2-big (2.098KiB)
INFO  [main] 2026-03-05 10:15:55,186 ColumnFamilyStore.java:385 - Initializing system_schema.columns
INFO  [SSTableBatchOpen:1] 2026-03-05 10:15:55,194 SSTableReaderBuilder.java:351 - Opening /var/lib/cassandra/data/system_schema/columns-24101c25a2ae3af787c1b40ee1aca33f/nb-1-big (6.929KiB)
INFO  [SSTableBatchOpen:2] 2026-03-05 10:15:55,194 SSTableReaderBuilder.java:351 - Opening /var/lib/cassandra/data/system_schema/columns-24101c25a2ae3af787c1b40ee1aca33f/nb-2-big (4.948KiB)
INFO  [main] 2026-03-05 10:15:55,210 ColumnFamilyStore.java:385 - Initializing system_schema.triggers
INFO  [SSTableBatchOpen:1] 2026-03-05 10:15:55,218 SSTableReaderBuilder.java:351 - Opening /var/lib/cassandra/data/system_schema/triggers-4df70b666b05325195a132b54005fd48/nb-2-big (0.050KiB)
INFO  [SSTableBatchOpen:2] 2026-03-05 10:15:55,218 SSTableReaderBuilder.java:351 - Opening /var/lib/cassandra/data/system_schema/triggers-4df70b666b05325195a132b54005fd48/nb-1-big (0.050KiB)
INFO  [main] 2026-03-05 10:15:55,227 ColumnFamilyStore.java:385 - Initializing system_schema.dropped_columns
INFO  [SSTableBatchOpen:1] 2026-03-05 10:15:55,233 SSTableReaderBuilder.java:351 - Opening /var/lib/cassandra/data/system_schema/dropped_columns-5e7583b5f3f43af19a39b7e1d6f5f11f/nb-1-big (0.096KiB)
INFO  [SSTableBatchOpen:2] 2026-03-05 10:15:55,233 SSTableReaderBuilder.java:351 - Opening /var/lib/cassandra/data/system_schema/dropped_columns-5e7583b5f3f43af19a39b7e1d6f5f11f/nb-2-big (0.096KiB)
INFO  [main] 2026-03-05 10:15:55,242 ColumnFamilyStore.java:385 - Initializing system_schema.views
INFO  [SSTableBatchOpen:1] 2026-03-05 10:15:55,251 SSTableReaderBuilder.java:351 - Opening /var/lib/cassandra/data/system_schema/views-9786ac1cdd583201a7cdad556410c985/nb-2-big (0.050KiB)
INFO  [SSTableBatchOpen:2] 2026-03-05 10:15:55,252 SSTableReaderBuilder.java:351 - Opening /var/lib/cassandra/data/system_schema/views-9786ac1cdd583201a7cdad556410c985/nb-1-big (0.050KiB)
INFO  [main] 2026-03-05 10:15:55,273 ColumnFamilyStore.java:385 - Initializing system_schema.types
INFO  [SSTableBatchOpen:1] 2026-03-05 10:15:55,280 SSTableReaderBuilder.java:351 - Opening /var/lib/cassandra/data/system_schema/types-5a8b1ca866023f77a0459273d308917a/nb-1-big (0.050KiB)
INFO  [SSTableBatchOpen:2] 2026-03-05 10:15:55,280 SSTableReaderBuilder.java:351 - Opening /var/lib/cassandra/data/system_schema/types-5a8b1ca866023f77a0459273d308917a/nb-2-big (0.050KiB)
INFO  [main] 2026-03-05 10:15:55,287 ColumnFamilyStore.java:385 - Initializing system_schema.functions
INFO  [SSTableBatchOpen:1] 2026-03-05 10:15:55,294 SSTableReaderBuilder.java:351 - Opening /var/lib/cassandra/data/system_schema/functions-96489b7980be3e14a70166a0b9159450/nb-1-big (0.050KiB)
INFO  [SSTableBatchOpen:2] 2026-03-05 10:15:55,296 SSTableReaderBuilder.java:351 - Opening /var/lib/cassandra/data/system_schema/functions-96489b7980be3e14a70166a0b9159450/nb-2-big (0.050KiB)
INFO  [main] 2026-03-05 10:15:55,306 ColumnFamilyStore.java:385 - Initializing system_schema.aggregates
INFO  [SSTableBatchOpen:2] 2026-03-05 10:15:55,315 SSTableReaderBuilder.java:351 - Opening /var/lib/cassandra/data/system_schema/aggregates-924c55872e3a345bb10c12f37c1ba895/nb-2-big (0.050KiB)
INFO  [SSTableBatchOpen:1] 2026-03-05 10:15:55,315 SSTableReaderBuilder.java:351 - Opening /var/lib/cassandra/data/system_schema/aggregates-924c55872e3a345bb10c12f37c1ba895/nb-1-big (0.050KiB)
INFO  [main] 2026-03-05 10:15:55,343 ColumnFamilyStore.java:385 - Initializing system_schema.indexes
INFO  [SSTableBatchOpen:1] 2026-03-05 10:15:55,349 SSTableReaderBuilder.java:351 - Opening /var/lib/cassandra/data/system_schema/indexes-0feb57ac311f382fba6d9024d305702f/nb-1-big (0.050KiB)
INFO  [SSTableBatchOpen:2] 2026-03-05 10:15:55,349 SSTableReaderBuilder.java:351 - Opening /var/lib/cassandra/data/system_schema/indexes-0feb57ac311f382fba6d9024d305702f/nb-2-big (0.050KiB)
INFO  [main] 2026-03-05 10:15:55,478 SystemKeyspaceMigrator40.java:129 - system.peer_events_v2 table was empty, migrating legacy system.peer_events to system.peer_events_v2
INFO  [main] 2026-03-05 10:15:55,489 SystemKeyspaceMigrator40.java:152 - Migrated 0 rows from legacy system.peer_events to system.peer_events_v2
INFO  [main] 2026-03-05 10:15:55,490 SystemKeyspaceMigrator40.java:162 - system.transferred_ranges_v2 table was empty, migrating legacy system.transferred_ranges to system.transferred_ranges_v2
INFO  [main] 2026-03-05 10:15:55,493 SystemKeyspaceMigrator40.java:190 - Migrated 0 rows from legacy system.transferred_ranges to system.transferred_ranges_v2
INFO  [main] 2026-03-05 10:15:55,493 StorageService.java:962 - Populating token metadata from system tables
INFO  [main] 2026-03-05 10:15:55,534 StorageService.java:956 - Token metadata: Normal Tokens:
/192.168.97.3:7000:[4603422626980731464]
/192.168.97.5:7000:[-2635037895518496033]
/192.168.97.9:7000:[-7032917018600071676]
/192.168.97.10:7000:[984192365731117715]

INFO  [main] 2026-03-05 10:15:55,743 Keyspace.java:386 - Creating replication strategy system_auth params KeyspaceParams{durable_writes=true, replication=ReplicationParams{class=org.apache.cassandra.locator.SimpleStrategy, replication_factor=1}}
INFO  [main] 2026-03-05 10:15:55,753 ColumnFamilyStore.java:385 - Initializing system_auth.network_permissions
INFO  [main] 2026-03-05 10:15:55,770 ColumnFamilyStore.java:385 - Initializing system_auth.resource_role_permissons_index
INFO  [main] 2026-03-05 10:15:55,775 ColumnFamilyStore.java:385 - Initializing system_auth.role_members
INFO  [main] 2026-03-05 10:15:55,778 ColumnFamilyStore.java:385 - Initializing system_auth.role_permissions
INFO  [main] 2026-03-05 10:15:55,783 ColumnFamilyStore.java:385 - Initializing system_auth.roles
INFO  [SSTableBatchOpen:1] 2026-03-05 10:15:55,788 SSTableReaderBuilder.java:351 - Opening /var/lib/cassandra/data/system_auth/roles-5bc52802de2535edaeab188eecebb090/nb-1-big (0.100KiB)
INFO  [main] 2026-03-05 10:15:55,804 Keyspace.java:386 - Creating replication strategy system_distributed params KeyspaceParams{durable_writes=true, replication=ReplicationParams{class=org.apache.cassandra.locator.SimpleStrategy, replication_factor=3}}
INFO  [main] 2026-03-05 10:15:55,806 ColumnFamilyStore.java:385 - Initializing system_distributed.parent_repair_history
INFO  [main] 2026-03-05 10:15:55,811 ColumnFamilyStore.java:385 - Initializing system_distributed.repair_history
INFO  [main] 2026-03-05 10:15:55,819 ColumnFamilyStore.java:385 - Initializing system_distributed.view_build_status
INFO  [main] 2026-03-05 10:15:55,824 Keyspace.java:386 - Creating replication strategy tlp_stress params KeyspaceParams{durable_writes=true, replication=ReplicationParams{class=org.apache.cassandra.locator.SimpleStrategy, replication_factor=3}}
INFO  [main] 2026-03-05 10:15:55,825 ColumnFamilyStore.java:385 - Initializing tlp_stress.keyvalue
INFO  [SSTableBatchOpen:1] 2026-03-05 10:15:55,829 SSTableReaderBuilder.java:351 - Opening /var/lib/cassandra/data/tlp_stress/keyvalue-c6dae03017f711f1971293276311c7e7/nb-15-big (135.199KiB)
INFO  [SSTableBatchOpen:2] 2026-03-05 10:15:55,830 SSTableReaderBuilder.java:351 - Opening /var/lib/cassandra/data/tlp_stress/keyvalue-c6dae03017f711f1971293276311c7e7/nb-14-big (36.708MiB)
INFO  [main] 2026-03-05 10:15:55,852 ColumnFamilyStore.java:385 - Initializing tlp_stress.sensor_data
INFO  [SSTableBatchOpen:1] 2026-03-05 10:15:55,858 SSTableReaderBuilder.java:351 - Opening /var/lib/cassandra/data/tlp_stress/sensor_data-15e3e690187a11f1b45737542ab5df19/nb-6-big (48.313KiB)
INFO  [SSTableBatchOpen:2] 2026-03-05 10:15:55,858 SSTableReaderBuilder.java:351 - Opening /var/lib/cassandra/data/tlp_stress/sensor_data-15e3e690187a11f1b45737542ab5df19/nb-5-big (100.267KiB)
INFO  [main] 2026-03-05 10:15:55,878 Keyspace.java:386 - Creating replication strategy system_traces params KeyspaceParams{durable_writes=true, replication=ReplicationParams{class=org.apache.cassandra.locator.SimpleStrategy, replication_factor=2}}
INFO  [main] 2026-03-05 10:15:55,882 ColumnFamilyStore.java:385 - Initializing system_traces.events
INFO  [main] 2026-03-05 10:15:55,888 ColumnFamilyStore.java:385 - Initializing system_traces.sessions
INFO  [pool-3-thread-1] 2026-03-05 10:15:55,902 AutoSavingCache.java:177 - Completed loading (10 ms; 16 keys) KeyCache cache
INFO  [main] 2026-03-05 10:15:55,931 CommitLog.java:201 - Replaying /opt/cassandra/data/commitlog/CommitLog-7-1772705481742.log, /opt/cassandra/data/commitlog/CommitLog-7-1772705481743.log
WARN  [main] 2026-03-05 10:15:55,950 CommitLogReplayer.java:314 - Origin of 1 sstables is unknown or doesn't match the local node; commitLogIntervals for them were ignored
INFO  [main] 2026-03-05 10:15:55,959 CommitLogReader.java:102 - Skipping playback of empty log: CommitLog-7-1772705481743.log
INFO  [main] 2026-03-05 10:15:57,046 CommitLogReader.java:256 - Finished reading /opt/cassandra/data/commitlog/CommitLog-7-1772705481742.log
INFO  [main] 2026-03-05 10:15:57,056 ColumnFamilyStore.java:881 - Enqueuing flush of compaction_history: 1.176KiB (0%) on-heap, 0.000KiB (0%) off-heap
INFO  [main] 2026-03-05 10:15:57,069 ColumnFamilyStore.java:881 - Enqueuing flush of size_estimates: 11.341KiB (0%) on-heap, 0.000KiB (0%) off-heap
INFO  [main] 2026-03-05 10:15:57,074 ColumnFamilyStore.java:881 - Enqueuing flush of table_estimates: 26.917KiB (0%) on-heap, 0.000KiB (0%) off-heap
INFO  [main] 2026-03-05 10:15:57,076 ColumnFamilyStore.java:881 - Enqueuing flush of peers_v2: 5.537KiB (0%) on-heap, 0.000KiB (0%) off-heap
INFO  [main] 2026-03-05 10:15:57,077 ColumnFamilyStore.java:881 - Enqueuing flush of peers: 4.947KiB (0%) on-heap, 0.000KiB (0%) off-heap
INFO  [main] 2026-03-05 10:15:57,079 ColumnFamilyStore.java:881 - Enqueuing flush of local: 1.872KiB (0%) on-heap, 0.000KiB (0%) off-heap
INFO  [main] 2026-03-05 10:15:57,091 ColumnFamilyStore.java:881 - Enqueuing flush of sstable_activity: 5.787KiB (0%) on-heap, 0.000KiB (0%) off-heap
INFO  [main] 2026-03-05 10:15:57,093 ColumnFamilyStore.java:881 - Enqueuing flush of sensor_data: 247.463KiB (0%) on-heap, 0.000KiB (0%) off-heap
INFO  [main] 2026-03-05 10:15:57,095 ColumnFamilyStore.java:881 - Enqueuing flush of keyvalue: 699.152KiB (1%) on-heap, 0.000KiB (0%) off-heap
INFO  [main] 2026-03-05 10:15:57,095 ColumnFamilyStore.java:881 - Enqueuing flush of columns: 156.879KiB (0%) on-heap, 0.000KiB (0%) off-heap
INFO  [main] 2026-03-05 10:15:57,096 ColumnFamilyStore.java:881 - Enqueuing flush of types: 0.653KiB (0%) on-heap, 0.000KiB (0%) off-heap
INFO  [main] 2026-03-05 10:15:57,101 ColumnFamilyStore.java:881 - Enqueuing flush of indexes: 0.653KiB (0%) on-heap, 0.000KiB (0%) off-heap
INFO  [main] 2026-03-05 10:15:57,102 ColumnFamilyStore.java:881 - Enqueuing flush of keyspaces: 1.474KiB (0%) on-heap, 0.000KiB (0%) off-heap
INFO  [main] 2026-03-05 10:15:57,105 ColumnFamilyStore.java:881 - Enqueuing flush of dropped_columns: 1.229KiB (0%) on-heap, 0.000KiB (0%) off-heap
INFO  [main] 2026-03-05 10:15:57,106 ColumnFamilyStore.java:881 - Enqueuing flush of aggregates: 0.653KiB (0%) on-heap, 0.000KiB (0%) off-heap
INFO  [main] 2026-03-05 10:15:57,107 ColumnFamilyStore.java:881 - Enqueuing flush of triggers: 0.653KiB (0%) on-heap, 0.000KiB (0%) off-heap
INFO  [main] 2026-03-05 10:15:57,109 ColumnFamilyStore.java:881 - Enqueuing flush of tables: 69.285KiB (0%) on-heap, 0.000KiB (0%) off-heap
INFO  [main] 2026-03-05 10:15:57,141 ColumnFamilyStore.java:881 - Enqueuing flush of views: 0.653KiB (0%) on-heap, 0.000KiB (0%) off-heap
INFO  [main] 2026-03-05 10:15:57,146 ColumnFamilyStore.java:881 - Enqueuing flush of functions: 0.653KiB (0%) on-heap, 0.000KiB (0%) off-heap
INFO  [PerDiskMemtableFlushWriter_0:1] 2026-03-05 10:15:57,204 Memtable.java:502 - Writing Memtable-size_estimates@1343779050(1.448KiB serialized bytes, 24 ops, 0%/0% of on/off-heap limit), flushed range = (min(-9223372036854775808), max(9223372036854775807)]
INFO  [PerDiskMemtableFlushWriter_0:2] 2026-03-05 10:15:57,204 Memtable.java:502 - Writing Memtable-compaction_history@1785534051(0.188KiB serialized bytes, 1 ops, 0%/0% of on/off-heap limit), flushed range = (min(-9223372036854775808), max(9223372036854775807)]
INFO  [PerDiskMemtableFlushWriter_0:2] 2026-03-05 10:15:57,214 Memtable.java:531 - Completed flushing /var/lib/cassandra/data/system/compaction_history-b4dbb7b4dc493fb5b3bfce6e434832ca/nb-3-big-Data.db (0.097KiB) for commitlog position CommitLogPosition(segmentId=1772705752995, position=481)
INFO  [PerDiskMemtableFlushWriter_0:1] 2026-03-05 10:15:57,218 Memtable.java:531 - Completed flushing /var/lib/cassandra/data/system/size_estimates-618f817b005f3678b8a453f3930b8e86/nb-1-big-Data.db (1.642KiB) for commitlog position CommitLogPosition(segmentId=1772705752995, position=481)
INFO  [MemtableFlushWriter:1] 2026-03-05 10:15:57,288 LogTransaction.java:242 - Unfinished transaction log, deleting /var/lib/cassandra/data/system/compaction_history-b4dbb7b4dc493fb5b3bfce6e434832ca/nb_txn_flush_4ceba900-187c-11f1-8b99-9b1c738773c5.log 
INFO  [MemtableFlushWriter:2] 2026-03-05 10:15:57,287 LogTransaction.java:242 - Unfinished transaction log, deleting /var/lib/cassandra/data/system/size_estimates-618f817b005f3678b8a453f3930b8e86/nb_txn_flush_4cebd010-187c-11f1-8b99-9b1c738773c5.log 
INFO  [PerDiskMemtableFlushWriter_0:2] 2026-03-05 10:15:57,358 Memtable.java:502 - Writing Memtable-peers_v2@1003517404(0.746KiB serialized bytes, 63 ops, 0%/0% of on/off-heap limit), flushed range = (min(-9223372036854775808), max(9223372036854775807)]
INFO  [PerDiskMemtableFlushWriter_0:1] 2026-03-05 10:15:57,362 Memtable.java:502 - Writing Memtable-table_estimates@1876241551(3.100KiB serialized bytes, 48 ops, 0%/0% of on/off-heap limit), flushed range = (min(-9223372036854775808), max(9223372036854775807)]
INFO  [PerDiskMemtableFlushWriter_0:2] 2026-03-05 10:15:57,365 Memtable.java:531 - Completed flushing /var/lib/cassandra/data/system/peers_v2-c4325fbb8e5e3bafbd070f9250ed818e/nb-3-big-Data.db (0.474KiB) for commitlog position CommitLogPosition(segmentId=1772705752995, position=481)
INFO  [PerDiskMemtableFlushWriter_0:1] 2026-03-05 10:15:57,369 Memtable.java:531 - Completed flushing /var/lib/cassandra/data/system/table_estimates-176c39cdb93d33a5a2188eb06a56f66e/nb-1-big-Data.db (3.924KiB) for commitlog position CommitLogPosition(segmentId=1772705752995, position=481)
INFO  [MemtableFlushWriter:1] 2026-03-05 10:15:57,393 LogTransaction.java:242 - Unfinished transaction log, deleting /var/lib/cassandra/data/system/peers_v2-c4325fbb8e5e3bafbd070f9250ed818e/nb_txn_flush_4d13ca70-187c-11f1-8b99-9b1c738773c5.log 
INFO  [MemtableFlushWriter:2] 2026-03-05 10:15:57,395 LogTransaction.java:242 - Unfinished transaction log, deleting /var/lib/cassandra/data/system/table_estimates-176c39cdb93d33a5a2188eb06a56f66e/nb_txn_flush_4d13a360-187c-11f1-8b99-9b1c738773c5.log 
INFO  [PerDiskMemtableFlushWriter_0:2] 2026-03-05 10:15:57,416 Memtable.java:502 - Writing Memtable-peers@1856872516(0.676KiB serialized bytes, 63 ops, 0%/0% of on/off-heap limit), flushed range = (min(-9223372036854775808), max(9223372036854775807)]
INFO  [PerDiskMemtableFlushWriter_0:1] 2026-03-05 10:15:57,417 Memtable.java:502 - Writing Memtable-local@2072246929(0.367KiB serialized bytes, 3 ops, 0%/0% of on/off-heap limit), flushed range = (min(-9223372036854775808), max(9223372036854775807)]
INFO  [PerDiskMemtableFlushWriter_0:1] 2026-03-05 10:15:57,418 Memtable.java:531 - Completed flushing /var/lib/cassandra/data/system/local-7ad54392bcdd35a684174e047860b377/nb-19-big-Data.db (0.222KiB) for commitlog position CommitLogPosition(segmentId=1772705752995, position=481)
INFO  [PerDiskMemtableFlushWriter_0:2] 2026-03-05 10:15:57,419 Memtable.java:531 - Completed flushing /var/lib/cassandra/data/system/peers-37f71aca7dc2383ba70672528af04d4f/nb-3-big-Data.db (0.430KiB) for commitlog position CommitLogPosition(segmentId=1772705752995, position=481)
INFO  [MemtableFlushWriter:1] 2026-03-05 10:15:57,444 LogTransaction.java:242 - Unfinished transaction log, deleting /var/lib/cassandra/data/system/peers-37f71aca7dc2383ba70672528af04d4f/nb_txn_flush_4d1d8e71-187c-11f1-8b99-9b1c738773c5.log 
INFO  [MemtableFlushWriter:2] 2026-03-05 10:15:57,446 LogTransaction.java:242 - Unfinished transaction log, deleting /var/lib/cassandra/data/system/local-7ad54392bcdd35a684174e047860b377/nb_txn_flush_4d1d8e70-187c-11f1-8b99-9b1c738773c5.log 
INFO  [PerDiskMemtableFlushWriter_0:1] 2026-03-05 10:15:57,469 Memtable.java:502 - Writing Memtable-sensor_data@766482805(68.087KiB serialized bytes, 331 ops, 0%/0% of on/off-heap limit), flushed range = (min(-9223372036854775808), max(9223372036854775807)]
INFO  [PerDiskMemtableFlushWriter_0:2] 2026-03-05 10:15:57,472 Memtable.java:502 - Writing Memtable-sstable_activity@1145723096(0.470KiB serialized bytes, 12 ops, 0%/0% of on/off-heap limit), flushed range = (min(-9223372036854775808), max(9223372036854775807)]
INFO  [PerDiskMemtableFlushWriter_0:2] 2026-03-05 10:15:57,473 Memtable.java:531 - Completed flushing /var/lib/cassandra/data/system/sstable_activity-5a1ff267ace03f128563cfae6103c65e/nb-3-big-Data.db (0.655KiB) for commitlog position CommitLogPosition(segmentId=1772705752995, position=481)
INFO  [MemtableFlushWriter:1] 2026-03-05 10:15:57,504 LogTransaction.java:242 - Unfinished transaction log, deleting /var/lib/cassandra/data/system/sstable_activity-5a1ff267ace03f128563cfae6103c65e/nb_txn_flush_4d250880-187c-11f1-8b99-9b1c738773c5.log 
INFO  [PerDiskMemtableFlushWriter_0:2] 2026-03-05 10:15:57,522 Memtable.java:502 - Writing Memtable-keyvalue@1106688299(196.736KiB serialized bytes, 1031 ops, 1%/0% of on/off-heap limit), flushed range = (min(-9223372036854775808), max(9223372036854775807)]
INFO  [PerDiskMemtableFlushWriter_0:1] 2026-03-05 10:15:57,557 Memtable.java:531 - Completed flushing /var/lib/cassandra/data/tlp_stress/sensor_data-15e3e690187a11f1b45737542ab5df19/nb-7-big-Data.db (65.936KiB) for commitlog position CommitLogPosition(segmentId=1772705752995, position=481)
INFO  [MemtableFlushWriter:2] 2026-03-05 10:15:57,594 LogTransaction.java:242 - Unfinished transaction log, deleting /var/lib/cassandra/data/tlp_stress/sensor_data-15e3e690187a11f1b45737542ab5df19/nb_txn_flush_4d250881-187c-11f1-8b99-9b1c738773c5.log 
INFO  [PerDiskMemtableFlushWriter_0:2] 2026-03-05 10:15:57,628 Memtable.java:531 - Completed flushing /var/lib/cassandra/data/tlp_stress/keyvalue-c6dae03017f711f1971293276311c7e7/nb-16-big-Data.db (189.092KiB) for commitlog position CommitLogPosition(segmentId=1772705752995, position=481)
INFO  [PerDiskMemtableFlushWriter_0:1] 2026-03-05 10:15:57,638 Memtable.java:502 - Writing Memtable-columns@1648119669(32.921KiB serialized bytes, 218 ops, 0%/0% of on/off-heap limit), flushed range = (min(-9223372036854775808), max(9223372036854775807)]
INFO  [PerDiskMemtableFlushWriter_0:1] 2026-03-05 10:15:57,652 Memtable.java:531 - Completed flushing /var/lib/cassandra/data/system_schema/columns-24101c25a2ae3af787c1b40ee1aca33f/nb-3-big-Data.db (15.023KiB) for commitlog position CommitLogPosition(segmentId=1772705752995, position=481)
INFO  [MemtableFlushWriter:1] 2026-03-05 10:15:57,659 LogTransaction.java:242 - Unfinished transaction log, deleting /var/lib/cassandra/data/tlp_stress/keyvalue-c6dae03017f711f1971293276311c7e7/nb_txn_flush_4d2e5750-187c-11f1-8b99-9b1c738773c5.log 
INFO  [MemtableFlushWriter:2] 2026-03-05 10:15:57,678 LogTransaction.java:242 - Unfinished transaction log, deleting /var/lib/cassandra/data/system_schema/columns-24101c25a2ae3af787c1b40ee1aca33f/nb_txn_flush_4d3caf30-187c-11f1-8b99-9b1c738773c5.log 
INFO  [PerDiskMemtableFlushWriter_0:2] 2026-03-05 10:15:57,679 Memtable.java:502 - Writing Memtable-types@2057071294(0.016KiB serialized bytes, 2 ops, 0%/0% of on/off-heap limit), flushed range = (min(-9223372036854775808), max(9223372036854775807)]
INFO  [PerDiskMemtableFlushWriter_0:2] 2026-03-05 10:15:57,681 Memtable.java:531 - Completed flushing /var/lib/cassandra/data/system_schema/types-5a8b1ca866023f77a0459273d308917a/nb-3-big-Data.db (0.048KiB) for commitlog position CommitLogPosition(segmentId=1772705752995, position=481)
INFO  [PerDiskMemtableFlushWriter_0:1] 2026-03-05 10:15:57,694 Memtable.java:502 - Writing Memtable-indexes@1543832231(0.016KiB serialized bytes, 2 ops, 0%/0% of on/off-heap limit), flushed range = (min(-9223372036854775808), max(9223372036854775807)]
INFO  [PerDiskMemtableFlushWriter_0:1] 2026-03-05 10:15:57,695 Memtable.java:531 - Completed flushing /var/lib/cassandra/data/system_schema/indexes-0feb57ac311f382fba6d9024d305702f/nb-3-big-Data.db (0.048KiB) for commitlog position CommitLogPosition(segmentId=1772705752995, position=481)
INFO  [MemtableFlushWriter:1] 2026-03-05 10:15:57,705 LogTransaction.java:242 - Unfinished transaction log, deleting /var/lib/cassandra/data/system_schema/types-5a8b1ca866023f77a0459273d308917a/nb_txn_flush_4d45d6f0-187c-11f1-8b99-9b1c738773c5.log 
INFO  [PerDiskMemtableFlushWriter_0:2] 2026-03-05 10:15:57,716 Memtable.java:502 - Writing Memtable-keyspaces@1812357549(0.236KiB serialized bytes, 4 ops, 0%/0% of on/off-heap limit), flushed range = (min(-9223372036854775808), max(9223372036854775807)]
INFO  [PerDiskMemtableFlushWriter_0:2] 2026-03-05 10:15:57,718 Memtable.java:531 - Completed flushing /var/lib/cassandra/data/system_schema/keyspaces-abac5682dea631c5b535b3d6cffd0fb6/nb-3-big-Data.db (0.179KiB) for commitlog position CommitLogPosition(segmentId=1772705752995, position=481)
INFO  [MemtableFlushWriter:2] 2026-03-05 10:15:57,718 LogTransaction.java:242 - Unfinished transaction log, deleting /var/lib/cassandra/data/system_schema/indexes-0feb57ac311f382fba6d9024d305702f/nb_txn_flush_4d48e430-187c-11f1-8b99-9b1c738773c5.log 
INFO  [PerDiskMemtableFlushWriter_0:1] 2026-03-05 10:15:57,735 Memtable.java:502 - Writing Memtable-dropped_columns@533568384(0.120KiB serialized bytes, 3 ops, 0%/0% of on/off-heap limit), flushed range = (min(-9223372036854775808), max(9223372036854775807)]
INFO  [PerDiskMemtableFlushWriter_0:1] 2026-03-05 10:15:57,736 Memtable.java:531 - Completed flushing /var/lib/cassandra/data/system_schema/dropped_columns-5e7583b5f3f43af19a39b7e1d6f5f11f/nb-3-big-Data.db (0.097KiB) for commitlog position CommitLogPosition(segmentId=1772705752995, position=481)
INFO  [MemtableFlushWriter:1] 2026-03-05 10:15:57,741 LogTransaction.java:242 - Unfinished transaction log, deleting /var/lib/cassandra/data/system_schema/keyspaces-abac5682dea631c5b535b3d6cffd0fb6/nb_txn_flush_4d4c8db0-187c-11f1-8b99-9b1c738773c5.log 
INFO  [PerDiskMemtableFlushWriter_0:2] 2026-03-05 10:15:57,753 Memtable.java:502 - Writing Memtable-aggregates@416129767(0.016KiB serialized bytes, 2 ops, 0%/0% of on/off-heap limit), flushed range = (min(-9223372036854775808), max(9223372036854775807)]
INFO  [PerDiskMemtableFlushWriter_0:2] 2026-03-05 10:15:57,754 Memtable.java:531 - Completed flushing /var/lib/cassandra/data/system_schema/aggregates-924c55872e3a345bb10c12f37c1ba895/nb-3-big-Data.db (0.048KiB) for commitlog position CommitLogPosition(segmentId=1772705752995, position=481)
INFO  [MemtableFlushWriter:2] 2026-03-05 10:15:57,759 LogTransaction.java:242 - Unfinished transaction log, deleting /var/lib/cassandra/data/system_schema/dropped_columns-5e7583b5f3f43af19a39b7e1d6f5f11f/nb_txn_flush_4d4ed7a0-187c-11f1-8b99-9b1c738773c5.log 
INFO  [PerDiskMemtableFlushWriter_0:1] 2026-03-05 10:15:57,771 Memtable.java:502 - Writing Memtable-triggers@655743673(0.016KiB serialized bytes, 2 ops, 0%/0% of on/off-heap limit), flushed range = (min(-9223372036854775808), max(9223372036854775807)]
INFO  [PerDiskMemtableFlushWriter_0:1] 2026-03-05 10:15:57,773 Memtable.java:531 - Completed flushing /var/lib/cassandra/data/system_schema/triggers-4df70b666b05325195a132b54005fd48/nb-3-big-Data.db (0.048KiB) for commitlog position CommitLogPosition(segmentId=1772705752995, position=481)
INFO  [MemtableFlushWriter:1] 2026-03-05 10:15:57,774 LogTransaction.java:242 - Unfinished transaction log, deleting /var/lib/cassandra/data/system_schema/aggregates-924c55872e3a345bb10c12f37c1ba895/nb_txn_flush_4d525a10-187c-11f1-8b99-9b1c738773c5.log 
INFO  [PerDiskMemtableFlushWriter_0:2] 2026-03-05 10:15:57,792 Memtable.java:502 - Writing Memtable-tables@1666513176(21.567KiB serialized bytes, 32 ops, 0%/0% of on/off-heap limit), flushed range = (min(-9223372036854775808), max(9223372036854775807)]
INFO  [PerDiskMemtableFlushWriter_0:2] 2026-03-05 10:15:57,794 Memtable.java:531 - Completed flushing /var/lib/cassandra/data/system_schema/tables-afddfb9dbc1e30688056eed6c302ba09/nb-3-big-Data.db (13.131KiB) for commitlog position CommitLogPosition(segmentId=1772705752995, position=481)
INFO  [MemtableFlushWriter:2] 2026-03-05 10:15:57,801 LogTransaction.java:242 - Unfinished transaction log, deleting /var/lib/cassandra/data/system_schema/triggers-4df70b666b05325195a132b54005fd48/nb_txn_flush_4d551930-187c-11f1-8b99-9b1c738773c5.log 
INFO  [MemtableFlushWriter:1] 2026-03-05 10:15:57,814 LogTransaction.java:242 - Unfinished transaction log, deleting /var/lib/cassandra/data/system_schema/tables-afddfb9dbc1e30688056eed6c302ba09/nb_txn_flush_4d578a30-187c-11f1-8b99-9b1c738773c5.log 
INFO  [PerDiskMemtableFlushWriter_0:1] 2026-03-05 10:15:57,816 Memtable.java:502 - Writing Memtable-views@659717833(0.016KiB serialized bytes, 2 ops, 0%/0% of on/off-heap limit), flushed range = (min(-9223372036854775808), max(9223372036854775807)]
INFO  [PerDiskMemtableFlushWriter_0:1] 2026-03-05 10:15:57,817 Memtable.java:531 - Completed flushing /var/lib/cassandra/data/system_schema/views-9786ac1cdd583201a7cdad556410c985/nb-3-big-Data.db (0.048KiB) for commitlog position CommitLogPosition(segmentId=1772705752995, position=481)
INFO  [PerDiskMemtableFlushWriter_0:2] 2026-03-05 10:15:57,830 Memtable.java:502 - Writing Memtable-functions@2055513686(0.016KiB serialized bytes, 2 ops, 0%/0% of on/off-heap limit), flushed range = (min(-9223372036854775808), max(9223372036854775807)]
INFO  [PerDiskMemtableFlushWriter_0:2] 2026-03-05 10:15:57,831 Memtable.java:531 - Completed flushing /var/lib/cassandra/data/system_schema/functions-96489b7980be3e14a70166a0b9159450/nb-3-big-Data.db (0.048KiB) for commitlog position CommitLogPosition(segmentId=1772705752995, position=481)
INFO  [MemtableFlushWriter:2] 2026-03-05 10:15:57,836 LogTransaction.java:242 - Unfinished transaction log, deleting /var/lib/cassandra/data/system_schema/views-9786ac1cdd583201a7cdad556410c985/nb_txn_flush_4d5b5ac0-187c-11f1-8b99-9b1c738773c5.log 
INFO  [MemtableFlushWriter:1] 2026-03-05 10:15:57,848 LogTransaction.java:242 - Unfinished transaction log, deleting /var/lib/cassandra/data/system_schema/functions-96489b7980be3e14a70166a0b9159450/nb_txn_flush_4d5d7da0-187c-11f1-8b99-9b1c738773c5.log 
INFO  [main] 2026-03-05 10:15:57,851 CommitLog.java:203 - Log replay complete, 1565 replayed mutations
INFO  [main] 2026-03-05 10:15:57,851 StorageService.java:962 - Populating token metadata from system tables
INFO  [main] 2026-03-05 10:15:57,879 StorageService.java:956 - Token metadata: Normal Tokens:
/192.168.97.3:7000:[4603422626980731464]
/192.168.97.5:7000:[-2635037895518496033]
/192.168.97.9:7000:[-7032917018600071676]
/192.168.97.10:7000:[984192365731117715]

INFO  [main] 2026-03-05 10:15:57,978 ColumnFamilyStore.java:2255 - Truncating system.size_estimates
INFO  [main] 2026-03-05 10:15:57,988 ColumnFamilyStore.java:2292 - Truncating system.size_estimates with truncatedAt=1772705757985
INFO  [main] 2026-03-05 10:15:57,989 ColumnFamilyStore.java:2744 - Truncation is dropping 1 sstables and keeping 0 due to sstable.maxDataAge > truncatedAt
INFO  [NonPeriodicTasks:1] 2026-03-05 10:15:58,019 LogTransaction.java:242 - Unfinished transaction log, deleting /var/lib/cassandra/data/system/size_estimates-618f817b005f3678b8a453f3930b8e86/nb-1-big-Data.db 
INFO  [NonPeriodicTasks:1] 2026-03-05 10:15:58,020 SSTable.java:111 - Deleting sstable: /var/lib/cassandra/data/system/size_estimates-618f817b005f3678b8a453f3930b8e86/nb-1-big
INFO  [NonPeriodicTasks:1] 2026-03-05 10:15:58,020 FileUtils.java:548 - Deleting file during startup: /var/lib/cassandra/data/system/size_estimates-618f817b005f3678b8a453f3930b8e86/nb-1-big-Summary.db
INFO  [NonPeriodicTasks:1] 2026-03-05 10:15:58,026 LogTransaction.java:242 - Unfinished transaction log, deleting /var/lib/cassandra/data/system/size_estimates-618f817b005f3678b8a453f3930b8e86/nb_txn_unknowncompactiontype_4d779550-187c-11f1-8b99-9b1c738773c5.log 
INFO  [main] 2026-03-05 10:15:58,027 ColumnFamilyStore.java:881 - Enqueuing flush of local: 0.646KiB (0%) on-heap, 0.000KiB (0%) off-heap
INFO  [PerDiskMemtableFlushWriter_0:1] 2026-03-05 10:15:58,046 Memtable.java:502 - Writing Memtable-local@1396068542(0.091KiB serialized bytes, 1 ops, 0%/0% of on/off-heap limit), flushed range = (min(-9223372036854775808), max(9223372036854775807)]
INFO  [PerDiskMemtableFlushWriter_0:1] 2026-03-05 10:15:58,049 Memtable.java:531 - Completed flushing /var/lib/cassandra/data/system/local-7ad54392bcdd35a684174e047860b377/nb-20-big-Data.db (0.063KiB) for commitlog position CommitLogPosition(segmentId=1772705752995, position=31302)
INFO  [MemtableFlushWriter:1] 2026-03-05 10:15:58,067 LogTransaction.java:242 - Unfinished transaction log, deleting /var/lib/cassandra/data/system/local-7ad54392bcdd35a684174e047860b377/nb_txn_flush_4d7dfdf0-187c-11f1-8b99-9b1c738773c5.log 
INFO  [main] 2026-03-05 10:15:58,073 ColumnFamilyStore.java:2319 - Truncate of system.size_estimates is complete
INFO  [main] 2026-03-05 10:15:58,073 ColumnFamilyStore.java:2255 - Truncating system.table_estimates
INFO  [main] 2026-03-05 10:15:58,075 ColumnFamilyStore.java:2292 - Truncating system.table_estimates with truncatedAt=1772705758075
INFO  [main] 2026-03-05 10:15:58,076 ColumnFamilyStore.java:2744 - Truncation is dropping 1 sstables and keeping 0 due to sstable.maxDataAge > truncatedAt
INFO  [NonPeriodicTasks:1] 2026-03-05 10:15:58,086 LogTransaction.java:242 - Unfinished transaction log, deleting /var/lib/cassandra/data/system/table_estimates-176c39cdb93d33a5a2188eb06a56f66e/nb-1-big-Data.db 
INFO  [NonPeriodicTasks:1] 2026-03-05 10:15:58,086 SSTable.java:111 - Deleting sstable: /var/lib/cassandra/data/system/table_estimates-176c39cdb93d33a5a2188eb06a56f66e/nb-1-big
INFO  [NonPeriodicTasks:1] 2026-03-05 10:15:58,087 FileUtils.java:548 - Deleting file during startup: /var/lib/cassandra/data/system/table_estimates-176c39cdb93d33a5a2188eb06a56f66e/nb-1-big-Summary.db
INFO  [main] 2026-03-05 10:15:58,087 ColumnFamilyStore.java:881 - Enqueuing flush of local: 0.646KiB (0%) on-heap, 0.000KiB (0%) off-heap
INFO  [NonPeriodicTasks:1] 2026-03-05 10:15:58,089 LogTransaction.java:242 - Unfinished transaction log, deleting /var/lib/cassandra/data/system/table_estimates-176c39cdb93d33a5a2188eb06a56f66e/nb_txn_unknowncompactiontype_4d84dbc0-187c-11f1-8b99-9b1c738773c5.log 
INFO  [PerDiskMemtableFlushWriter_0:2] 2026-03-05 10:15:58,102 Memtable.java:502 - Writing Memtable-local@626043810(0.091KiB serialized bytes, 1 ops, 0%/0% of on/off-heap limit), flushed range = (min(-9223372036854775808), max(9223372036854775807)]
INFO  [PerDiskMemtableFlushWriter_0:2] 2026-03-05 10:15:58,107 Memtable.java:531 - Completed flushing /var/lib/cassandra/data/system/local-7ad54392bcdd35a684174e047860b377/nb-21-big-Data.db (0.063KiB) for commitlog position CommitLogPosition(segmentId=1772705752995, position=31488)
INFO  [MemtableFlushWriter:1] 2026-03-05 10:15:58,127 LogTransaction.java:242 - Unfinished transaction log, deleting /var/lib/cassandra/data/system/local-7ad54392bcdd35a684174e047860b377/nb_txn_flush_4d868970-187c-11f1-8b99-9b1c738773c5.log 
INFO  [main] 2026-03-05 10:15:58,131 ColumnFamilyStore.java:2319 - Truncate of system.table_estimates is complete
INFO  [main] 2026-03-05 10:15:58,165 QueryProcessor.java:183 - Preloaded 6 prepared statements
INFO  [main] 2026-03-05 10:15:58,167 StorageService.java:860 - Cassandra version: 4.0.19
INFO  [main] 2026-03-05 10:15:58,167 StorageService.java:861 - CQL version: 3.4.5
INFO  [main] 2026-03-05 10:15:58,169 StorageService.java:862 - Native protocol supported versions: 3/v3, 4/v4, 5/v5, 6/v6-beta (default: 5/v5)
INFO  [main] 2026-03-05 10:15:58,287 IndexSummaryManager.java:83 - Initializing index summary manager with a memory pool size of 24 MB and a resize interval of 60 minutes
INFO  [main] 2026-03-05 10:15:58,289 StorageService.java:879 - Loading persisted ring state
INFO  [main] 2026-03-05 10:15:58,289 StorageService.java:962 - Populating token metadata from system tables
INFO  [GossipStage:1] 2026-03-05 10:15:58,313 Gossiper.java:2006 - Adding /192.168.97.9:7000 as there was no previous epState; new state is EndpointState: HeartBeatState = HeartBeat: generation = 0, version = -1, AppStateMap = {}
INFO  [GossipStage:1] 2026-03-05 10:15:58,316 Gossiper.java:2006 - Adding /192.168.97.5:7000 as there was no previous epState; new state is EndpointState: HeartBeatState = HeartBeat: generation = 0, version = -1, AppStateMap = {}
INFO  [GossipStage:1] 2026-03-05 10:15:58,317 Gossiper.java:2006 - Adding /192.168.97.3:7000 as there was no previous epState; new state is EndpointState: HeartBeatState = HeartBeat: generation = 0, version = -1, AppStateMap = {}
INFO  [main] 2026-03-05 10:15:58,489 InboundConnectionInitiator.java:127 - Listening on address: (/192.168.97.10:7000), nic: eth0, encryption: unencrypted
INFO  [Messaging-EventLoop-3-3] 2026-03-05 10:15:58,726 OutboundConnection.java:1150 - /192.168.97.10:7000(/192.168.97.10:37316)->cassandra/192.168.97.3:7000-URGENT_MESSAGES-a269619b successfully connected, version = 12, framing = CRC, encryption = unencrypted
INFO  [Messaging-EventLoop-3-6] 2026-03-05 10:15:58,726 OutboundConnection.java:1150 - /192.168.97.10:7000(/192.168.97.10:57514)->cassandra2/192.168.97.5:7000-URGENT_MESSAGES-e7207736 successfully connected, version = 12, framing = CRC, encryption = unencrypted
INFO  [Messaging-EventLoop-3-7] 2026-03-05 10:15:59,334 InboundConnectionInitiator.java:464 - /192.168.97.3:7000(/192.168.97.3:35644)->/192.168.97.10:7000-URGENT_MESSAGES-c4b4ba72 messaging connection established, version = 12, framing = CRC, encryption = unencrypted
INFO  [Messaging-EventLoop-3-8] 2026-03-05 10:15:59,412 InboundConnectionInitiator.java:464 - /192.168.97.9:7000(/192.168.97.9:36528)->/192.168.97.10:7000-URGENT_MESSAGES-022abcc1 messaging connection established, version = 12, framing = CRC, encryption = unencrypted
INFO  [Messaging-EventLoop-3-9] 2026-03-05 10:15:59,457 InboundConnectionInitiator.java:464 - /192.168.97.5:7000(/192.168.97.5:57198)->/192.168.97.10:7000-URGENT_MESSAGES-741ea429 messaging connection established, version = 12, framing = CRC, encryption = unencrypted
INFO  [main] 2026-03-05 10:15:59,692 StorageService.java:1084 - Starting up server gossip
INFO  [main] 2026-03-05 10:15:59,702 ColumnFamilyStore.java:881 - Enqueuing flush of local: 0.529KiB (0%) on-heap, 0.000KiB (0%) off-heap
INFO  [PerDiskMemtableFlushWriter_0:1] 2026-03-05 10:15:59,722 Memtable.java:502 - Writing Memtable-local@542429379(0.048KiB serialized bytes, 1 ops, 0%/0% of on/off-heap limit), flushed range = (min(-9223372036854775808), max(9223372036854775807)]
INFO  [PerDiskMemtableFlushWriter_0:1] 2026-03-05 10:15:59,724 Memtable.java:531 - Completed flushing /var/lib/cassandra/data/system/local-7ad54392bcdd35a684174e047860b377/nb-22-big-Data.db (0.028KiB) for commitlog position CommitLogPosition(segmentId=1772705752995, position=31569)
INFO  [MemtableFlushWriter:2] 2026-03-05 10:15:59,747 LogTransaction.java:242 - Unfinished transaction log, deleting /var/lib/cassandra/data/system/local-7ad54392bcdd35a684174e047860b377/nb_txn_flush_4e7d6c90-187c-11f1-8b99-9b1c738773c5.log 
INFO  [main] 2026-03-05 10:15:59,775 TokenMetadata.java:512 - Updating topology for /192.168.97.10:7000
INFO  [main] 2026-03-05 10:15:59,776 TokenMetadata.java:512 - Updating topology for /192.168.97.10:7000
INFO  [main] 2026-03-05 10:15:59,856 StorageService.java:1196 - Using saved tokens [984192365731117715]
INFO  [main] 2026-03-05 10:15:59,874 StorageService.java:1768 - JOINING: Finish joining ring
INFO  [main] 2026-03-05 10:15:59,879 SecondaryIndexManager.java:851 - Executing pre-join tasks for: CFS(Keyspace='tlp_stress', ColumnFamily='sensor_data')
INFO  [main] 2026-03-05 10:15:59,880 SecondaryIndexManager.java:851 - Executing pre-join tasks for: CFS(Keyspace='tlp_stress', ColumnFamily='keyvalue')
INFO  [main] 2026-03-05 10:15:59,884 StorageService.java:2949 - Node /192.168.97.10:7000 state jump to NORMAL
INFO  [main] 2026-03-05 10:15:59,888 StorageService.java:2949 - Node /192.168.97.10:7000 state jump to NORMAL
INFO  [main] 2026-03-05 10:15:59,889 Gossiper.java:2251 - Waiting for gossip to settle...
INFO  [Messaging-EventLoop-3-12] 2026-03-05 10:16:00,290 OutboundConnection.java:1150 - /192.168.97.10:7000(/192.168.97.10:37922)->/192.168.97.9:7000-URGENT_MESSAGES-6cce18a6 successfully connected, version = 12, framing = CRC, encryption = unencrypted
INFO  [GossipStage:1] 2026-03-05 10:16:00,317 Gossiper.java:1405 - Node /192.168.97.5:7000 has restarted, now UP
INFO  [GossipStage:1] 2026-03-05 10:16:00,321 StorageService.java:2949 - Node /192.168.97.5:7000 state jump to NORMAL
INFO  [Messaging-EventLoop-3-13] 2026-03-05 10:16:00,335 InboundConnectionInitiator.java:464 - /192.168.97.9:7000(/192.168.97.9:51048)->/192.168.97.10:7000-SMALL_MESSAGES-c885657c messaging connection established, version = 12, framing = CRC, encryption = unencrypted
INFO  [GossipStage:1] 2026-03-05 10:16:00,346 TokenMetadata.java:512 - Updating topology for /192.168.97.5:7000
INFO  [GossipStage:1] 2026-03-05 10:16:00,347 TokenMetadata.java:512 - Updating topology for /192.168.97.5:7000
INFO  [GossipStage:1] 2026-03-05 10:16:00,356 Gossiper.java:1405 - Node /192.168.97.9:7000 has restarted, now UP
INFO  [GossipStage:1] 2026-03-05 10:16:00,357 StorageService.java:2949 - Node /192.168.97.9:7000 state jump to NORMAL
INFO  [Messaging-EventLoop-3-10] 2026-03-05 10:16:00,357 OutboundConnection.java:1150 - /192.168.97.10:7000(/192.168.97.10:37928)->/192.168.97.9:7000-SMALL_MESSAGES-0f16e9e5 successfully connected, version = 12, framing = CRC, encryption = unencrypted
INFO  [GossipStage:1] 2026-03-05 10:16:00,364 TokenMetadata.java:512 - Updating topology for /192.168.97.9:7000
INFO  [GossipStage:1] 2026-03-05 10:16:00,365 TokenMetadata.java:512 - Updating topology for /192.168.97.9:7000
INFO  [GossipStage:1] 2026-03-05 10:16:00,368 Gossiper.java:1405 - Node /192.168.97.3:7000 has restarted, now UP
INFO  [GossipStage:1] 2026-03-05 10:16:00,368 StorageService.java:2949 - Node /192.168.97.3:7000 state jump to NORMAL
INFO  [GossipStage:1] 2026-03-05 10:16:00,374 TokenMetadata.java:512 - Updating topology for /192.168.97.3:7000
INFO  [GossipStage:1] 2026-03-05 10:16:00,375 TokenMetadata.java:512 - Updating topology for /192.168.97.3:7000
INFO  [GossipStage:1] 2026-03-05 10:16:00,379 Gossiper.java:1355 - InetAddress /192.168.97.5:7000 is now UP
INFO  [GossipStage:1] 2026-03-05 10:16:00,379 Gossiper.java:1355 - InetAddress /192.168.97.9:7000 is now UP
INFO  [GossipStage:1] 2026-03-05 10:16:00,379 Gossiper.java:1355 - InetAddress /192.168.97.3:7000 is now UP
INFO  [Messaging-EventLoop-3-14] 2026-03-05 10:16:00,431 InboundConnectionInitiator.java:464 - /192.168.97.3:7000(/192.168.97.3:47088)->/192.168.97.10:7000-SMALL_MESSAGES-f84e10db messaging connection established, version = 12, framing = CRC, encryption = unencrypted
INFO  [Messaging-EventLoop-3-1] 2026-03-05 10:16:00,441 OutboundConnection.java:1150 - /192.168.97.10:7000(/192.168.97.10:45290)->cassandra/192.168.97.3:7000-SMALL_MESSAGES-788b0544 successfully connected, version = 12, framing = CRC, encryption = unencrypted
WARN  [GossipTasks:1] 2026-03-05 10:16:00,778 FailureDetector.java:319 - Not marking nodes down due to local pause of 6159464764ns > 5000000000ns
INFO  [Messaging-EventLoop-3-1] 2026-03-05 10:16:01,064 InboundConnectionInitiator.java:464 - /192.168.97.5:7000(/192.168.97.5:41562)->/192.168.97.10:7000-SMALL_MESSAGES-bbb36117 messaging connection established, version = 12, framing = CRC, encryption = unencrypted
INFO  [Messaging-EventLoop-3-4] 2026-03-05 10:16:01,071 OutboundConnection.java:1150 - /192.168.97.10:7000(/192.168.97.10:35510)->cassandra2/192.168.97.5:7000-SMALL_MESSAGES-25fd7fa0 successfully connected, version = 12, framing = CRC, encryption = unencrypted
INFO  [main] 2026-03-05 10:16:07,894 Gossiper.java:2282 - No gossip backlog; proceeding
INFO  [main] 2026-03-05 10:16:07,911 StartupClusterConnectivityChecker.java:122 - Blocking coordination until only a single peer is DOWN in the local datacenter, timeout=10s
INFO  [Messaging-EventLoop-3-2] 2026-03-05 10:16:07,932 OutboundConnection.java:1150 - /192.168.97.10:7000(/192.168.97.10:45294)->cassandra/192.168.97.3:7000-LARGE_MESSAGES-862a571c successfully connected, version = 12, framing = CRC, encryption = unencrypted
INFO  [Messaging-EventLoop-3-5] 2026-03-05 10:16:07,932 OutboundConnection.java:1150 - /192.168.97.10:7000(/192.168.97.10:35520)->cassandra2/192.168.97.5:7000-LARGE_MESSAGES-a61ee665 successfully connected, version = 12, framing = CRC, encryption = unencrypted
INFO  [Messaging-EventLoop-3-11] 2026-03-05 10:16:07,932 OutboundConnection.java:1150 - /192.168.97.10:7000(/192.168.97.10:37936)->/192.168.97.9:7000-LARGE_MESSAGES-578fc5de successfully connected, version = 12, framing = CRC, encryption = unencrypted
INFO  [Messaging-EventLoop-3-4] 2026-03-05 10:16:07,949 InboundConnectionInitiator.java:464 - /192.168.97.5:7000(/192.168.97.5:41568)->/192.168.97.10:7000-LARGE_MESSAGES-a6521c19 messaging connection established, version = 12, framing = CRC, encryption = unencrypted
INFO  [Messaging-EventLoop-3-2] 2026-03-05 10:16:07,950 InboundConnectionInitiator.java:464 - /192.168.97.9:7000(/192.168.97.9:51062)->/192.168.97.10:7000-LARGE_MESSAGES-efdd2b9f messaging connection established, version = 12, framing = CRC, encryption = unencrypted
INFO  [Messaging-EventLoop-3-3] 2026-03-05 10:16:07,949 InboundConnectionInitiator.java:464 - /192.168.97.3:7000(/192.168.97.3:47094)->/192.168.97.10:7000-LARGE_MESSAGES-c360fea7 messaging connection established, version = 12, framing = CRC, encryption = unencrypted
INFO  [main] 2026-03-05 10:16:07,955 StartupClusterConnectivityChecker.java:177 - Ensured sufficient healthy connections with [datacenter1] after 37 milliseconds
INFO  [CompactionExecutor:1] 2026-03-05 10:16:07,978 CompactionTask.java:166 - Compacting (5369ccd0-187c-11f1-8b99-9b1c738773c5) [/var/lib/cassandra/data/system/local-7ad54392bcdd35a684174e047860b377/nb-18-big-Data.db:level=0, /var/lib/cassandra/data/system/local-7ad54392bcdd35a684174e047860b377/nb-22-big-Data.db:level=0, /var/lib/cassandra/data/system/local-7ad54392bcdd35a684174e047860b377/nb-21-big-Data.db:level=0, /var/lib/cassandra/data/system/local-7ad54392bcdd35a684174e047860b377/nb-20-big-Data.db:level=0, /var/lib/cassandra/data/system/local-7ad54392bcdd35a684174e047860b377/nb-19-big-Data.db:level=0, ]
INFO  [main] 2026-03-05 10:16:08,029 NativeTransportService.java:130 - Using Netty Version: [netty-buffer=netty-buffer-4.1.58.Final.10b03e6, netty-codec=netty-codec-4.1.58.Final.10b03e6, netty-codec-dns=netty-codec-dns-4.1.58.Final.10b03e6, netty-codec-haproxy=netty-codec-haproxy-4.1.58.Final.10b03e6, netty-codec-http=netty-codec-http-4.1.58.Final.10b03e6, netty-codec-http2=netty-codec-http2-4.1.58.Final.10b03e6, netty-codec-memcache=netty-codec-memcache-4.1.58.Final.10b03e6, netty-codec-mqtt=netty-codec-mqtt-4.1.58.Final.10b03e6, netty-codec-redis=netty-codec-redis-4.1.58.Final.10b03e6, netty-codec-smtp=netty-codec-smtp-4.1.58.Final.10b03e6, netty-codec-socks=netty-codec-socks-4.1.58.Final.10b03e6, netty-codec-stomp=netty-codec-stomp-4.1.58.Final.10b03e6, netty-codec-xml=netty-codec-xml-4.1.58.Final.10b03e6, netty-common=netty-common-4.1.58.Final.10b03e6, netty-handler=netty-handler-4.1.58.Final.10b03e6, netty-handler-proxy=netty-handler-proxy-4.1.58.Final.10b03e6, netty-resolver=netty-resolver-4.1.58.Final.10b03e6, netty-resolver-dns=netty-resolver-dns-4.1.58.Final.10b03e6, netty-resolver-dns-native-macos=netty-resolver-dns-native-macos-4.1.58.Final.10b03e65f1, netty-transport=netty-transport-4.1.58.Final.10b03e6, netty-transport-native-epoll=netty-transport-native-epoll-4.1.58.Final.10b03e6, netty-transport-native-kqueue=netty-transport-native-kqueue-4.1.58.Final.10b03e65f1, netty-transport-native-unix-common=netty-transport-native-unix-common-4.1.58.Final.10b03e6, netty-transport-rxtx=netty-transport-rxtx-4.1.58.Final.10b03e6, netty-transport-sctp=netty-transport-sctp-4.1.58.Final.10b03e6, netty-transport-udt=netty-transport-udt-4.1.58.Final.10b03e6]
INFO  [main] 2026-03-05 10:16:08,054 NativeTransportService.java:68 - Netty using native Epoll event loop
INFO  [main] 2026-03-05 10:16:08,120 PipelineConfigurator.java:124 - Using Netty Version: [netty-buffer=netty-buffer-4.1.58.Final.10b03e6, netty-codec=netty-codec-4.1.58.Final.10b03e6, netty-codec-dns=netty-codec-dns-4.1.58.Final.10b03e6, netty-codec-haproxy=netty-codec-haproxy-4.1.58.Final.10b03e6, netty-codec-http=netty-codec-http-4.1.58.Final.10b03e6, netty-codec-http2=netty-codec-http2-4.1.58.Final.10b03e6, netty-codec-memcache=netty-codec-memcache-4.1.58.Final.10b03e6, netty-codec-mqtt=netty-codec-mqtt-4.1.58.Final.10b03e6, netty-codec-redis=netty-codec-redis-4.1.58.Final.10b03e6, netty-codec-smtp=netty-codec-smtp-4.1.58.Final.10b03e6, netty-codec-socks=netty-codec-socks-4.1.58.Final.10b03e6, netty-codec-stomp=netty-codec-stomp-4.1.58.Final.10b03e6, netty-codec-xml=netty-codec-xml-4.1.58.Final.10b03e6, netty-common=netty-common-4.1.58.Final.10b03e6, netty-handler=netty-handler-4.1.58.Final.10b03e6, netty-handler-proxy=netty-handler-proxy-4.1.58.Final.10b03e6, netty-resolver=netty-resolver-4.1.58.Final.10b03e6, netty-resolver-dns=netty-resolver-dns-4.1.58.Final.10b03e6, netty-resolver-dns-native-macos=netty-resolver-dns-native-macos-4.1.58.Final.10b03e65f1, netty-transport=netty-transport-4.1.58.Final.10b03e6, netty-transport-native-epoll=netty-transport-native-epoll-4.1.58.Final.10b03e6, netty-transport-native-kqueue=netty-transport-native-kqueue-4.1.58.Final.10b03e65f1, netty-transport-native-unix-common=netty-transport-native-unix-common-4.1.58.Final.10b03e6, netty-transport-rxtx=netty-transport-rxtx-4.1.58.Final.10b03e6, netty-transport-sctp=netty-transport-sctp-4.1.58.Final.10b03e6, netty-transport-udt=netty-transport-udt-4.1.58.Final.10b03e6]
INFO  [main] 2026-03-05 10:16:08,120 PipelineConfigurator.java:125 - Starting listening for CQL clients on /0.0.0.0:9042 (unencrypted)...
INFO  [main] 2026-03-05 10:16:08,134 CassandraDaemonInterceptor.java:60 - Starting DataStax Metric Collector for Apache Cassandra 0.3.3

INFO  [main] 2026-03-05 10:16:08,141 ConfigurationLoader.java:63 - Configuration location: file:/mcac/config/metric-collector.yaml
INFO  [NonPeriodicTasks:1] 2026-03-05 10:16:08,167 SSTable.java:111 - Deleting sstable: /var/lib/cassandra/data/system/local-7ad54392bcdd35a684174e047860b377/nb-21-big
INFO  [NonPeriodicTasks:1] 2026-03-05 10:16:08,180 SSTable.java:111 - Deleting sstable: /var/lib/cassandra/data/system/local-7ad54392bcdd35a684174e047860b377/nb-20-big
INFO  [NonPeriodicTasks:1] 2026-03-05 10:16:08,183 SSTable.java:111 - Deleting sstable: /var/lib/cassandra/data/system/local-7ad54392bcdd35a684174e047860b377/nb-19-big
INFO  [CompactionExecutor:1] 2026-03-05 10:16:08,184 CompactionTask.java:260 - Compacted (task id: 5369ccd0-187c-11f1-8b99-9b1c738773c5, compaction history id: 53878e00-187c-11f1-8b99-9b1c738773c5) 5 sstables to [/var/lib/cassandra/data/system/local-7ad54392bcdd35a684174e047860b377/nb-23-big,] to level=0.  0.713KiB to 0.342KiB (~47% of original) in 180ms.  Read Throughput = 3.939KiB/s, Write Throughput = 1.889KiB/s, Row Throughput = ~2/s.  5 total partitions merged to 1.  Partition merge counts were {5:1, }
INFO  [NonPeriodicTasks:1] 2026-03-05 10:16:08,185 SSTable.java:111 - Deleting sstable: /var/lib/cassandra/data/system/local-7ad54392bcdd35a684174e047860b377/nb-18-big
INFO  [NonPeriodicTasks:1] 2026-03-05 10:16:08,187 SSTable.java:111 - Deleting sstable: /var/lib/cassandra/data/system/local-7ad54392bcdd35a684174e047860b377/nb-22-big
INFO  [main] 2026-03-05 10:16:08,220 CollectdController.java:469 - /mcac/config/collectd.conf.tmpl
INFO  [main] 2026-03-05 10:16:08,551 UnixSocketClient.java:388 - Connection to collectd established
INFO  [main] 2026-03-05 10:16:08,958 UnixSocketClient.java:595 - Starting metric reporting with 30 sec interval
INFO  [main] 2026-03-05 10:16:09,204 CassandraDaemon.java:776 - Startup complete
INFO  [Native-Transport-Requests-1] 2026-03-05 10:16:09,513 QueryProcessor.java:598 - Fully upgraded to at least 4.0.19
INFO  [Native-Transport-Requests-2] 2026-03-05 10:16:09,513 QueryProcessor.java:598 - Fully upgraded to at least 4.0.19
INFO  [Native-Transport-Requests-3] 2026-03-05 10:16:09,513 QueryProcessor.java:598 - Fully upgraded to at least 4.0.19
INFO  [HintsDispatcher:1] 2026-03-05 10:16:09,983 HintsStore.java:133 - Deleted hint file 58db6e94-2607-4b61-87c5-cc61a0bbd183-1772705627234-2.hints
INFO  [HintsDispatcher:2] 2026-03-05 10:16:09,982 HintsStore.java:133 - Deleted hint file f718f8da-70a9-491d-9f5e-a90e1ff910b8-1772705637233-2.hints
INFO  [HintsDispatcher:1] 2026-03-05 10:16:09,986 HintsDispatchExecutor.java:288 - Finished hinted handoff of file 58db6e94-2607-4b61-87c5-cc61a0bbd183-1772705627234-2.hints to endpoint /192.168.97.3:7000: 58db6e94-2607-4b61-87c5-cc61a0bbd183
INFO  [HintsDispatcher:2] 2026-03-05 10:16:09,988 HintsDispatchExecutor.java:288 - Finished hinted handoff of file f718f8da-70a9-491d-9f5e-a90e1ff910b8-1772705637233-2.hints to endpoint /192.168.97.5:7000: f718f8da-70a9-491d-9f5e-a90e1ff910b8
INFO  [HintsDispatcher:2] 2026-03-05 10:16:10,009 HintsStore.java:133 - Deleted hint file 41d05630-b01d-40e2-9976-1f8eaf82cb2c-1772705647234-2.hints
INFO  [HintsDispatcher:2] 2026-03-05 10:16:10,010 HintsDispatchExecutor.java:288 - Finished hinted handoff of file 41d05630-b01d-40e2-9976-1f8eaf82cb2c-1772705647234-2.hints to endpoint /192.168.97.9:7000: 41d05630-b01d-40e2-9976-1f8eaf82cb2c
INFO  [ReadStage-18] 2026-03-05 10:16:11,496 MonitoringTask.java:95 - Scheduling monitoring task with report interval of 5000 ms, max operations 50
INFO  [ScheduledTasks:1] 2026-03-05 10:16:16,525 NoSpamLogger.java:92 - Some operations were slow, details available at debug level (debug.log)
INFO  [Messaging-EventLoop-3-5] 2026-03-05 10:23:35,587 OutboundConnection.java:1150 - /192.168.97.10:7000(/192.168.97.10:42308)->/192.168.97.10:7000-SMALL_MESSAGES-4bb2663d successfully connected, version = 12, framing = CRC, encryption = unencrypted
INFO  [Messaging-EventLoop-3-8] 2026-03-05 10:23:35,590 InboundConnectionInitiator.java:464 - /192.168.97.10:7000(/192.168.97.10:42308)->/192.168.97.10:7000-SMALL_MESSAGES-84dba92d messaging connection established, version = 12, framing = CRC, encryption = unencrypted
